TN:stest
SF:/home/erpare/School21/C2_s21_stringplus-2/src/s21_memchr.c
FN:3,12,s21_memchr
FNDA:30,s21_memchr
FNF:1
FNH:1
BRDA:6,0,0,165
BRDA:6,0,1,12
BRDA:7,0,0,18
BRDA:7,0,1,147
BRF:4
BRH:4
DA:3,30
DA:4,30
DA:5,30
DA:6,177
DA:7,165
DA:8,18
DA:11,12
LF:7
LH:7
end_of_record
TN:stest
SF:/home/erpare/School21/C2_s21_stringplus-2/src/s21_memcmp.c
FN:3,14,s21_memcmp
FNDA:213,s21_memcmp
FNF:1
FNH:1
BRDA:8,0,0,314
BRDA:8,0,1,174
BRDA:8,0,2,275
BRDA:8,0,3,39
BRDA:9,0,0,174
BRDA:9,0,1,101
BRF:6
BRH:6
DA:3,213
DA:4,213
DA:5,213
DA:6,213
DA:7,213
DA:8,488
DA:9,275
DA:10,174
DA:11,275
DA:13,213
LF:10
LH:10
end_of_record
TN:stest
SF:/home/erpare/School21/C2_s21_stringplus-2/src/s21_memcpy.c
FN:3,10,s21_memcpy
FNDA:45,s21_memcpy
FNF:1
FNH:1
BRDA:6,0,0,225
BRDA:6,0,1,45
BRF:2
BRH:2
DA:3,45
DA:4,45
DA:5,45
DA:6,270
DA:7,225
DA:9,45
LF:6
LH:6
end_of_record
TN:stest
SF:/home/erpare/School21/C2_s21_stringplus-2/src/s21_memset.c
FN:3,10,s21_memset
FNDA:30,s21_memset
FNF:1
FNH:1
BRDA:6,0,0,270
BRDA:6,0,1,30
BRF:2
BRH:2
DA:3,30
DA:4,30
DA:5,30
DA:6,300
DA:7,270
DA:9,30
LF:6
LH:6
end_of_record
TN:stest
SF:/home/erpare/School21/C2_s21_stringplus-2/src/s21_strchr.c
FN:3,12,s21_strchr
FNDA:147,s21_strchr
FNF:1
FNH:1
BRDA:5,0,0,321
BRDA:5,0,1,117
BRDA:6,0,0,30
BRDA:6,0,1,291
BRF:4
BRH:4
DA:3,147
DA:4,147
DA:5,438
DA:6,321
DA:7,30
DA:8,30
DA:11,147
LF:7
LH:7
end_of_record
TN:stest
SF:/home/erpare/School21/C2_s21_stringplus-2/src/s21_strcspn.c
FN:23,31,does_contain
FN:3,20,s21_strcspn
FNDA:312,does_contain
FNDA:57,s21_strcspn
FNF:2
FNH:2
BRDA:7,0,0,312
BRDA:7,0,1,3
BRDA:9,0,0,54
BRDA:9,0,1,258
BRDA:15,0,0,9
BRDA:15,0,1,48
BRDA:15,0,2,3
BRDA:15,0,3,6
BRDA:25,0,0,642
BRDA:25,0,1,312
BRDA:26,0,0,60
BRDA:26,0,1,582
BRF:12
BRH:12
DA:3,57
DA:5,57
DA:6,57
DA:7,315
DA:8,312
DA:9,312
DA:10,54
DA:11,54
DA:15,57
DA:16,3
DA:19,57
DA:23,312
DA:24,312
DA:25,954
DA:26,642
DA:27,60
DA:30,312
LF:17
LH:17
end_of_record
TN:stest
SF:/home/erpare/School21/C2_s21_stringplus-2/src/s21_strerror.c
FN:3,6,s21_strerror
FNDA:30,s21_strerror
FNF:1
FNH:1
DA:3,30
DA:4,30
DA:5,30
LF:3
LH:3
end_of_record
TN:stest
SF:/home/erpare/School21/C2_s21_stringplus-2/src/s21_strlen.c
FN:3,9,s21_strlen
FNDA:689,s21_strlen
FNF:1
FNH:1
BRDA:5,0,0,3114
BRDA:5,0,1,689
BRF:2
BRH:2
DA:3,689
DA:4,689
DA:5,3803
DA:6,3114
DA:8,689
LF:5
LH:5
end_of_record
TN:stest
SF:/home/erpare/School21/C2_s21_stringplus-2/src/s21_strncat.c
FN:3,12,s21_strncat
FNDA:9,s21_strncat
FNF:1
FNH:1
BRDA:7,0,0,33
BRDA:7,0,1,3
BRDA:7,0,2,27
BRDA:7,0,3,6
BRF:4
BRH:4
DA:3,9
DA:4,9
DA:7,36
DA:8,27
DA:10,9
DA:11,9
LF:6
LH:6
end_of_record
TN:stest
SF:/home/erpare/School21/C2_s21_stringplus-2/src/s21_strncmp.c
FN:3,14,s21_strncmp
FNDA:30,s21_strncmp
FNF:1
FNH:1
BRDA:6,0,0,219
BRDA:6,0,1,27
BRDA:7,0,0,0
BRDA:7,0,1,219
BRDA:7,0,2,0
BRDA:7,0,3,0
BRDA:7,0,4,216
BRDA:7,0,5,3
BRDA:8,0,0,3
BRDA:8,0,1,213
BRF:10
BRH:7
DA:3,30
DA:4,30
DA:5,30
DA:6,246
DA:7,219
DA:8,216
DA:9,3
DA:10,3
DA:13,30
LF:9
LH:9
end_of_record
TN:stest
SF:/home/erpare/School21/C2_s21_stringplus-2/src/s21_strncpy.c
FN:4,13,s21_strncpy
FNDA:30,s21_strncpy
FNF:1
FNH:1
BRDA:7,0,0,0
BRDA:7,0,1,30
BRDA:8,0,0,-
BRDA:8,0,1,-
BRF:4
BRH:1
DA:4,30
DA:5,30
DA:6,30
DA:7,30
DA:8,0
DA:9,0
DA:12,30
LF:7
LH:5
end_of_record
TN:stest
SF:/home/erpare/School21/C2_s21_stringplus-2/src/s21_strpbrk.c
FN:3,12,s21_strpbrk
FNDA:27,s21_strpbrk
FNF:1
FNH:1
BRDA:7,0,0,27
BRDA:7,0,1,0
BRF:2
BRH:1
DA:3,27
DA:4,27
DA:5,27
DA:7,27
DA:8,27
DA:11,27
LF:6
LH:6
end_of_record
TN:stest
SF:/home/erpare/School21/C2_s21_stringplus-2/src/s21_strrchr.c
FN:4,14,s21_strrchr
FNDA:15,s21_strrchr
FNF:1
FNH:1
BRDA:7,0,0,126
BRDA:7,0,1,0
BRDA:8,0,0,15
BRDA:8,0,1,111
BRF:4
BRH:3
DA:4,15
DA:5,15
DA:6,15
DA:7,126
DA:8,126
DA:9,15
DA:10,15
DA:13,15
LF:8
LH:8
end_of_record
TN:stest
SF:/home/erpare/School21/C2_s21_stringplus-2/src/s21_strstr.c
FN:3,15,s21_strstr
FNDA:27,s21_strstr
FNF:1
FNH:1
BRDA:7,0,0,195
BRDA:7,0,1,0
BRDA:8,0,0,27
BRDA:8,0,1,168
BRF:4
BRH:3
DA:3,27
DA:4,27
DA:5,27
DA:7,195
DA:8,195
DA:9,27
DA:10,27
DA:14,27
LF:8
LH:8
end_of_record
TN:stest
SF:/home/erpare/School21/C2_s21_stringplus-2/src/s21_strtok.c
FN:3,36,s21_strtok
FNDA:15,s21_strtok
FNF:1
FNH:1
BRDA:8,0,0,15
BRDA:8,0,1,0
BRDA:12,0,0,0
BRDA:12,0,1,15
BRDA:16,0,0,15
BRDA:16,0,1,0
BRDA:16,0,2,0
BRDA:16,0,3,15
BRDA:20,0,0,0
BRDA:20,0,1,15
BRDA:26,0,0,117
BRDA:26,0,1,0
BRDA:26,0,2,102
BRDA:26,0,3,15
BRDA:30,0,0,15
BRDA:30,0,1,0
BRF:16
BRH:9
DA:3,15
DA:6,15
DA:8,15
DA:9,15
DA:12,15
DA:13,0
DA:16,15
DA:17,0
DA:20,15
DA:21,0
DA:22,0
DA:24,15
DA:26,117
DA:27,102
DA:30,15
DA:31,15
DA:32,15
DA:35,15
LF:18
LH:14
end_of_record
TN:stest
SF:/home/erpare/School21/C2_s21_stringplus-2/src/tests.c
FN:112,143,memcmpTest_fn
FN:146,168,strlenTest_fn
FN:171,213,strncmpTest_fn
FN:216,242,strchrTest_fn
FN:245,276,strncatTest_fn
FN:280,313,strcspnTest_fn
FN:316,340,strerrorTest_fn
FN:343,377,strncpyTest_fn
FN:380,414,strpbrkTest_fn
FN:418,444,strrchrTest_fn
FN:448,481,strstrTest_fn
FN:484,518,strtokTest_fn
FN:5,47,memchrTest_fn
FN:50,74,memsetTest_fn
FN:522,555,main
FN:77,109,memcpyTest_fn
FNDA:2,memcmpTest_fn
FNDA:3,strlenTest_fn
FNDA:3,strncmpTest_fn
FNDA:3,strchrTest_fn
FNDA:3,strncatTest_fn
FNDA:3,strcspnTest_fn
FNDA:3,strerrorTest_fn
FNDA:3,strncpyTest_fn
FNDA:3,strpbrkTest_fn
FNDA:3,strrchrTest_fn
FNDA:3,strstrTest_fn
FNDA:3,strtokTest_fn
FNDA:3,memchrTest_fn
FNDA:3,memsetTest_fn
FNDA:47,main
FNDA:3,memcpyTest_fn
FNF:16
FNH:16
BRDA:27,0,0,3
BRDA:27,0,1,0
BRDA:29,0,0,3
BRDA:29,0,1,0
BRDA:31,0,0,3
BRDA:31,0,1,0
BRDA:33,0,0,3
BRDA:33,0,1,0
BRDA:35,0,0,3
BRDA:35,0,1,0
BRDA:37,0,0,3
BRDA:37,0,1,0
BRDA:39,0,0,3
BRDA:39,0,1,0
BRDA:41,0,0,3
BRDA:41,0,1,0
BRDA:43,0,0,3
BRDA:43,0,1,0
BRDA:45,0,0,3
BRDA:45,0,1,0
BRDA:59,0,0,3
BRDA:59,0,1,0
BRDA:59,0,2,3
BRDA:59,0,3,0
BRDA:59,0,4,3
BRDA:59,0,5,0
BRDA:59,0,6,3
BRDA:59,0,7,0
BRDA:59,0,8,3
BRDA:59,0,9,0
BRDA:60,0,0,3
BRDA:60,0,1,0
BRDA:60,0,2,3
BRDA:60,0,3,0
BRDA:60,0,4,3
BRDA:60,0,5,0
BRDA:60,0,6,3
BRDA:60,0,7,0
BRDA:60,0,8,3
BRDA:60,0,9,0
BRDA:61,0,0,3
BRDA:61,0,1,0
BRDA:61,0,2,3
BRDA:61,0,3,0
BRDA:61,0,4,3
BRDA:61,0,5,0
BRDA:61,0,6,3
BRDA:61,0,7,0
BRDA:61,0,8,3
BRDA:61,0,9,0
BRDA:63,0,0,3
BRDA:63,0,1,0
BRDA:63,0,2,3
BRDA:63,0,3,0
BRDA:63,0,4,3
BRDA:63,0,5,0
BRDA:63,0,6,3
BRDA:63,0,7,0
BRDA:63,0,8,3
BRDA:63,0,9,0
BRDA:65,0,0,3
BRDA:65,0,1,0
BRDA:65,0,2,3
BRDA:65,0,3,0
BRDA:65,0,4,3
BRDA:65,0,5,0
BRDA:65,0,6,3
BRDA:65,0,7,0
BRDA:65,0,8,3
BRDA:65,0,9,0
BRDA:67,0,0,3
BRDA:67,0,1,0
BRDA:67,0,2,3
BRDA:67,0,3,0
BRDA:67,0,4,3
BRDA:67,0,5,0
BRDA:67,0,6,3
BRDA:67,0,7,0
BRDA:67,0,8,3
BRDA:67,0,9,0
BRDA:68,0,0,3
BRDA:68,0,1,0
BRDA:68,0,2,3
BRDA:68,0,3,0
BRDA:68,0,4,3
BRDA:68,0,5,0
BRDA:68,0,6,3
BRDA:68,0,7,0
BRDA:68,0,8,3
BRDA:68,0,9,0
BRDA:69,0,0,3
BRDA:69,0,1,0
BRDA:69,0,2,3
BRDA:69,0,3,0
BRDA:69,0,4,3
BRDA:69,0,5,0
BRDA:69,0,6,3
BRDA:69,0,7,0
BRDA:69,0,8,3
BRDA:69,0,9,0
BRDA:70,0,0,3
BRDA:70,0,1,0
BRDA:70,0,2,3
BRDA:70,0,3,0
BRDA:70,0,4,3
BRDA:70,0,5,0
BRDA:70,0,6,3
BRDA:70,0,7,0
BRDA:70,0,8,3
BRDA:70,0,9,0
BRDA:72,0,0,3
BRDA:72,0,1,0
BRDA:72,0,2,3
BRDA:72,0,3,0
BRDA:72,0,4,3
BRDA:72,0,5,0
BRDA:72,0,6,3
BRDA:72,0,7,0
BRDA:72,0,8,3
BRDA:72,0,9,0
BRDA:99,0,0,3
BRDA:99,0,1,0
BRDA:99,0,2,3
BRDA:99,0,3,0
BRDA:99,0,4,3
BRDA:99,0,5,0
BRDA:99,0,6,3
BRDA:99,0,7,0
BRDA:99,0,8,3
BRDA:99,0,9,0
BRDA:101,0,0,3
BRDA:101,0,1,0
BRDA:101,0,2,3
BRDA:101,0,3,0
BRDA:101,0,4,3
BRDA:101,0,5,0
BRDA:101,0,6,3
BRDA:101,0,7,0
BRDA:101,0,8,3
BRDA:101,0,9,0
BRDA:103,0,0,3
BRDA:103,0,1,0
BRDA:103,0,2,3
BRDA:103,0,3,0
BRDA:103,0,4,3
BRDA:103,0,5,0
BRDA:103,0,6,3
BRDA:103,0,7,0
BRDA:103,0,8,3
BRDA:103,0,9,0
BRDA:105,0,0,3
BRDA:105,0,1,0
BRDA:105,0,2,3
BRDA:105,0,3,0
BRDA:105,0,4,3
BRDA:105,0,5,0
BRDA:105,0,6,3
BRDA:105,0,7,0
BRDA:105,0,8,3
BRDA:105,0,9,0
BRDA:107,0,0,3
BRDA:107,0,1,0
BRDA:107,0,2,3
BRDA:107,0,3,0
BRDA:107,0,4,3
BRDA:107,0,5,0
BRDA:107,0,6,3
BRDA:107,0,7,0
BRDA:107,0,8,3
BRDA:107,0,9,0
BRDA:133,0,0,2
BRDA:133,0,1,0
BRDA:134,0,0,2
BRDA:134,0,1,0
BRDA:135,0,0,2
BRDA:135,0,1,0
BRDA:136,0,0,2
BRDA:136,0,1,0
BRDA:137,0,0,2
BRDA:137,0,1,0
BRDA:138,0,0,2
BRDA:138,0,1,0
BRDA:140,0,0,2
BRDA:140,0,1,0
BRDA:141,0,0,2
BRDA:141,0,1,0
BRDA:142,0,0,2
BRDA:142,0,1,0
BRDA:158,0,0,3
BRDA:158,0,1,0
BRDA:159,0,0,3
BRDA:159,0,1,0
BRDA:160,0,0,3
BRDA:160,0,1,0
BRDA:161,0,0,3
BRDA:161,0,1,0
BRDA:162,0,0,3
BRDA:162,0,1,0
BRDA:163,0,0,3
BRDA:163,0,1,0
BRDA:164,0,0,3
BRDA:164,0,1,0
BRDA:165,0,0,3
BRDA:165,0,1,0
BRDA:166,0,0,3
BRDA:166,0,1,0
BRDA:167,0,0,3
BRDA:167,0,1,0
BRDA:193,0,0,3
BRDA:193,0,1,0
BRDA:195,0,0,3
BRDA:195,0,1,0
BRDA:197,0,0,3
BRDA:197,0,1,0
BRDA:199,0,0,3
BRDA:199,0,1,0
BRDA:201,0,0,3
BRDA:201,0,1,0
BRDA:203,0,0,3
BRDA:203,0,1,0
BRDA:205,0,0,3
BRDA:205,0,1,0
BRDA:207,0,0,3
BRDA:207,0,1,0
BRDA:209,0,0,3
BRDA:209,0,1,0
BRDA:211,0,0,3
BRDA:211,0,1,0
BRDA:237,0,0,3
BRDA:237,0,1,0
BRDA:237,0,2,3
BRDA:237,0,3,0
BRDA:237,0,4,3
BRDA:237,0,5,0
BRDA:237,0,6,3
BRDA:237,0,7,0
BRDA:237,0,8,3
BRDA:237,0,9,0
BRDA:238,0,0,3
BRDA:238,0,1,0
BRDA:238,0,2,3
BRDA:238,0,3,0
BRDA:238,0,4,3
BRDA:238,0,5,0
BRDA:238,0,6,3
BRDA:238,0,7,0
BRDA:238,0,8,3
BRDA:238,0,9,0
BRDA:239,0,0,3
BRDA:239,0,1,0
BRDA:239,0,2,3
BRDA:239,0,3,0
BRDA:239,0,4,3
BRDA:239,0,5,0
BRDA:239,0,6,3
BRDA:239,0,7,0
BRDA:239,0,8,3
BRDA:239,0,9,0
BRDA:240,0,0,3
BRDA:240,0,1,0
BRDA:240,0,2,3
BRDA:240,0,3,0
BRDA:240,0,4,3
BRDA:240,0,5,0
BRDA:240,0,6,3
BRDA:240,0,7,0
BRDA:240,0,8,3
BRDA:240,0,9,0
BRDA:241,0,0,3
BRDA:241,0,1,0
BRDA:241,0,2,3
BRDA:241,0,3,0
BRDA:241,0,4,3
BRDA:241,0,5,0
BRDA:241,0,6,3
BRDA:241,0,7,0
BRDA:241,0,8,3
BRDA:241,0,9,0
BRDA:268,0,0,3
BRDA:268,0,1,0
BRDA:268,0,2,3
BRDA:268,0,3,0
BRDA:268,0,4,3
BRDA:268,0,5,0
BRDA:268,0,6,3
BRDA:268,0,7,0
BRDA:268,0,8,3
BRDA:268,0,9,0
BRDA:270,0,0,3
BRDA:270,0,1,0
BRDA:270,0,2,3
BRDA:270,0,3,0
BRDA:270,0,4,3
BRDA:270,0,5,0
BRDA:270,0,6,3
BRDA:270,0,7,0
BRDA:270,0,8,3
BRDA:270,0,9,0
BRDA:272,0,0,3
BRDA:272,0,1,0
BRDA:272,0,2,3
BRDA:272,0,3,0
BRDA:272,0,4,3
BRDA:272,0,5,0
BRDA:272,0,6,3
BRDA:272,0,7,0
BRDA:272,0,8,3
BRDA:272,0,9,0
BRDA:303,0,0,3
BRDA:303,0,1,0
BRDA:304,0,0,3
BRDA:304,0,1,0
BRDA:305,0,0,3
BRDA:305,0,1,0
BRDA:306,0,0,3
BRDA:306,0,1,0
BRDA:307,0,0,3
BRDA:307,0,1,0
BRDA:308,0,0,3
BRDA:308,0,1,0
BRDA:309,0,0,3
BRDA:309,0,1,0
BRDA:310,0,0,3
BRDA:310,0,1,0
BRDA:311,0,0,3
BRDA:311,0,1,0
BRDA:312,0,0,3
BRDA:312,0,1,0
BRDA:329,0,0,3
BRDA:329,0,1,0
BRDA:329,0,2,3
BRDA:329,0,3,0
BRDA:329,0,4,3
BRDA:329,0,5,0
BRDA:329,0,6,3
BRDA:329,0,7,0
BRDA:329,0,8,3
BRDA:329,0,9,0
BRDA:330,0,0,3
BRDA:330,0,1,0
BRDA:330,0,2,3
BRDA:330,0,3,0
BRDA:330,0,4,3
BRDA:330,0,5,0
BRDA:330,0,6,3
BRDA:330,0,7,0
BRDA:330,0,8,3
BRDA:330,0,9,0
BRDA:331,0,0,3
BRDA:331,0,1,0
BRDA:331,0,2,3
BRDA:331,0,3,0
BRDA:331,0,4,3
BRDA:331,0,5,0
BRDA:331,0,6,3
BRDA:331,0,7,0
BRDA:331,0,8,3
BRDA:331,0,9,0
BRDA:332,0,0,3
BRDA:332,0,1,0
BRDA:332,0,2,3
BRDA:332,0,3,0
BRDA:332,0,4,3
BRDA:332,0,5,0
BRDA:332,0,6,3
BRDA:332,0,7,0
BRDA:332,0,8,3
BRDA:332,0,9,0
BRDA:333,0,0,3
BRDA:333,0,1,0
BRDA:333,0,2,3
BRDA:333,0,3,0
BRDA:333,0,4,3
BRDA:333,0,5,0
BRDA:333,0,6,3
BRDA:333,0,7,0
BRDA:333,0,8,3
BRDA:333,0,9,0
BRDA:334,0,0,3
BRDA:334,0,1,0
BRDA:334,0,2,3
BRDA:334,0,3,0
BRDA:334,0,4,3
BRDA:334,0,5,0
BRDA:334,0,6,3
BRDA:334,0,7,0
BRDA:334,0,8,3
BRDA:334,0,9,0
BRDA:335,0,0,3
BRDA:335,0,1,0
BRDA:335,0,2,3
BRDA:335,0,3,0
BRDA:335,0,4,3
BRDA:335,0,5,0
BRDA:335,0,6,3
BRDA:335,0,7,0
BRDA:335,0,8,3
BRDA:335,0,9,0
BRDA:336,0,0,3
BRDA:336,0,1,0
BRDA:336,0,2,3
BRDA:336,0,3,0
BRDA:336,0,4,3
BRDA:336,0,5,0
BRDA:336,0,6,3
BRDA:336,0,7,0
BRDA:336,0,8,3
BRDA:336,0,9,0
BRDA:337,0,0,3
BRDA:337,0,1,0
BRDA:337,0,2,3
BRDA:337,0,3,0
BRDA:337,0,4,3
BRDA:337,0,5,0
BRDA:337,0,6,3
BRDA:337,0,7,0
BRDA:337,0,8,3
BRDA:337,0,9,0
BRDA:338,0,0,3
BRDA:338,0,1,0
BRDA:338,0,2,3
BRDA:338,0,3,0
BRDA:338,0,4,3
BRDA:338,0,5,0
BRDA:338,0,6,3
BRDA:338,0,7,0
BRDA:338,0,8,3
BRDA:338,0,9,0
BRDA:366,0,0,3
BRDA:366,0,1,0
BRDA:366,0,2,3
BRDA:366,0,3,0
BRDA:366,0,4,3
BRDA:366,0,5,0
BRDA:366,0,6,3
BRDA:366,0,7,0
BRDA:366,0,8,3
BRDA:366,0,9,0
BRDA:367,0,0,3
BRDA:367,0,1,0
BRDA:367,0,2,3
BRDA:367,0,3,0
BRDA:367,0,4,3
BRDA:367,0,5,0
BRDA:367,0,6,3
BRDA:367,0,7,0
BRDA:367,0,8,3
BRDA:367,0,9,0
BRDA:368,0,0,3
BRDA:368,0,1,0
BRDA:368,0,2,3
BRDA:368,0,3,0
BRDA:368,0,4,3
BRDA:368,0,5,0
BRDA:368,0,6,3
BRDA:368,0,7,0
BRDA:368,0,8,3
BRDA:368,0,9,0
BRDA:369,0,0,3
BRDA:369,0,1,0
BRDA:369,0,2,3
BRDA:369,0,3,0
BRDA:369,0,4,3
BRDA:369,0,5,0
BRDA:369,0,6,3
BRDA:369,0,7,0
BRDA:369,0,8,3
BRDA:369,0,9,0
BRDA:370,0,0,3
BRDA:370,0,1,0
BRDA:370,0,2,3
BRDA:370,0,3,0
BRDA:370,0,4,3
BRDA:370,0,5,0
BRDA:370,0,6,3
BRDA:370,0,7,0
BRDA:370,0,8,3
BRDA:370,0,9,0
BRDA:371,0,0,3
BRDA:371,0,1,0
BRDA:371,0,2,3
BRDA:371,0,3,0
BRDA:371,0,4,3
BRDA:371,0,5,0
BRDA:371,0,6,3
BRDA:371,0,7,0
BRDA:371,0,8,3
BRDA:371,0,9,0
BRDA:372,0,0,3
BRDA:372,0,1,0
BRDA:372,0,2,3
BRDA:372,0,3,0
BRDA:372,0,4,3
BRDA:372,0,5,0
BRDA:372,0,6,3
BRDA:372,0,7,0
BRDA:372,0,8,3
BRDA:372,0,9,0
BRDA:373,0,0,3
BRDA:373,0,1,0
BRDA:373,0,2,3
BRDA:373,0,3,0
BRDA:373,0,4,3
BRDA:373,0,5,0
BRDA:373,0,6,3
BRDA:373,0,7,0
BRDA:373,0,8,3
BRDA:373,0,9,0
BRDA:374,0,0,3
BRDA:374,0,1,0
BRDA:374,0,2,3
BRDA:374,0,3,0
BRDA:374,0,4,3
BRDA:374,0,5,0
BRDA:374,0,6,3
BRDA:374,0,7,0
BRDA:374,0,8,3
BRDA:374,0,9,0
BRDA:375,0,0,3
BRDA:375,0,1,0
BRDA:375,0,2,3
BRDA:375,0,3,0
BRDA:375,0,4,3
BRDA:375,0,5,0
BRDA:375,0,6,3
BRDA:375,0,7,0
BRDA:375,0,8,3
BRDA:375,0,9,0
BRDA:403,0,0,3
BRDA:403,0,1,0
BRDA:403,0,2,3
BRDA:403,0,3,0
BRDA:403,0,4,3
BRDA:403,0,5,0
BRDA:403,0,6,3
BRDA:403,0,7,0
BRDA:403,0,8,3
BRDA:403,0,9,0
BRDA:404,0,0,3
BRDA:404,0,1,0
BRDA:404,0,2,3
BRDA:404,0,3,0
BRDA:404,0,4,3
BRDA:404,0,5,0
BRDA:404,0,6,3
BRDA:404,0,7,0
BRDA:404,0,8,3
BRDA:404,0,9,0
BRDA:405,0,0,3
BRDA:405,0,1,0
BRDA:405,0,2,3
BRDA:405,0,3,0
BRDA:405,0,4,3
BRDA:405,0,5,0
BRDA:405,0,6,3
BRDA:405,0,7,0
BRDA:405,0,8,3
BRDA:405,0,9,0
BRDA:406,0,0,3
BRDA:406,0,1,0
BRDA:406,0,2,3
BRDA:406,0,3,0
BRDA:406,0,4,3
BRDA:406,0,5,0
BRDA:406,0,6,3
BRDA:406,0,7,0
BRDA:406,0,8,3
BRDA:406,0,9,0
BRDA:408,0,0,3
BRDA:408,0,1,0
BRDA:408,0,2,3
BRDA:408,0,3,0
BRDA:408,0,4,3
BRDA:408,0,5,0
BRDA:408,0,6,3
BRDA:408,0,7,0
BRDA:408,0,8,3
BRDA:408,0,9,0
BRDA:409,0,0,3
BRDA:409,0,1,0
BRDA:409,0,2,3
BRDA:409,0,3,0
BRDA:409,0,4,3
BRDA:409,0,5,0
BRDA:409,0,6,3
BRDA:409,0,7,0
BRDA:409,0,8,3
BRDA:409,0,9,0
BRDA:410,0,0,3
BRDA:410,0,1,0
BRDA:410,0,2,3
BRDA:410,0,3,0
BRDA:410,0,4,3
BRDA:410,0,5,0
BRDA:410,0,6,3
BRDA:410,0,7,0
BRDA:410,0,8,3
BRDA:410,0,9,0
BRDA:411,0,0,3
BRDA:411,0,1,0
BRDA:411,0,2,3
BRDA:411,0,3,0
BRDA:411,0,4,3
BRDA:411,0,5,0
BRDA:411,0,6,3
BRDA:411,0,7,0
BRDA:411,0,8,3
BRDA:411,0,9,0
BRDA:412,0,0,3
BRDA:412,0,1,0
BRDA:412,0,2,3
BRDA:412,0,3,0
BRDA:412,0,4,3
BRDA:412,0,5,0
BRDA:412,0,6,3
BRDA:412,0,7,0
BRDA:412,0,8,3
BRDA:412,0,9,0
BRDA:439,0,0,3
BRDA:439,0,1,0
BRDA:439,0,2,3
BRDA:439,0,3,0
BRDA:439,0,4,3
BRDA:439,0,5,0
BRDA:439,0,6,3
BRDA:439,0,7,0
BRDA:439,0,8,3
BRDA:439,0,9,0
BRDA:440,0,0,3
BRDA:440,0,1,0
BRDA:440,0,2,3
BRDA:440,0,3,0
BRDA:440,0,4,3
BRDA:440,0,5,0
BRDA:440,0,6,3
BRDA:440,0,7,0
BRDA:440,0,8,3
BRDA:440,0,9,0
BRDA:441,0,0,3
BRDA:441,0,1,0
BRDA:441,0,2,3
BRDA:441,0,3,0
BRDA:441,0,4,3
BRDA:441,0,5,0
BRDA:441,0,6,3
BRDA:441,0,7,0
BRDA:441,0,8,3
BRDA:441,0,9,0
BRDA:442,0,0,3
BRDA:442,0,1,0
BRDA:442,0,2,3
BRDA:442,0,3,0
BRDA:442,0,4,3
BRDA:442,0,5,0
BRDA:442,0,6,3
BRDA:442,0,7,0
BRDA:442,0,8,3
BRDA:442,0,9,0
BRDA:443,0,0,3
BRDA:443,0,1,0
BRDA:443,0,2,3
BRDA:443,0,3,0
BRDA:443,0,4,3
BRDA:443,0,5,0
BRDA:443,0,6,3
BRDA:443,0,7,0
BRDA:443,0,8,3
BRDA:443,0,9,0
BRDA:471,0,0,3
BRDA:471,0,1,0
BRDA:471,0,2,3
BRDA:471,0,3,0
BRDA:471,0,4,3
BRDA:471,0,5,0
BRDA:471,0,6,3
BRDA:471,0,7,0
BRDA:471,0,8,3
BRDA:471,0,9,0
BRDA:472,0,0,3
BRDA:472,0,1,0
BRDA:472,0,2,3
BRDA:472,0,3,0
BRDA:472,0,4,3
BRDA:472,0,5,0
BRDA:472,0,6,3
BRDA:472,0,7,0
BRDA:472,0,8,3
BRDA:472,0,9,0
BRDA:473,0,0,3
BRDA:473,0,1,0
BRDA:473,0,2,3
BRDA:473,0,3,0
BRDA:473,0,4,3
BRDA:473,0,5,0
BRDA:473,0,6,3
BRDA:473,0,7,0
BRDA:473,0,8,3
BRDA:473,0,9,0
BRDA:474,0,0,3
BRDA:474,0,1,0
BRDA:474,0,2,3
BRDA:474,0,3,0
BRDA:474,0,4,3
BRDA:474,0,5,0
BRDA:474,0,6,3
BRDA:474,0,7,0
BRDA:474,0,8,3
BRDA:474,0,9,0
BRDA:475,0,0,3
BRDA:475,0,1,0
BRDA:475,0,2,3
BRDA:475,0,3,0
BRDA:475,0,4,3
BRDA:475,0,5,0
BRDA:475,0,6,3
BRDA:475,0,7,0
BRDA:475,0,8,3
BRDA:475,0,9,0
BRDA:476,0,0,3
BRDA:476,0,1,0
BRDA:476,0,2,3
BRDA:476,0,3,0
BRDA:476,0,4,3
BRDA:476,0,5,0
BRDA:476,0,6,3
BRDA:476,0,7,0
BRDA:476,0,8,3
BRDA:476,0,9,0
BRDA:477,0,0,3
BRDA:477,0,1,0
BRDA:477,0,2,3
BRDA:477,0,3,0
BRDA:477,0,4,3
BRDA:477,0,5,0
BRDA:477,0,6,3
BRDA:477,0,7,0
BRDA:477,0,8,3
BRDA:477,0,9,0
BRDA:478,0,0,3
BRDA:478,0,1,0
BRDA:478,0,2,3
BRDA:478,0,3,0
BRDA:478,0,4,3
BRDA:478,0,5,0
BRDA:478,0,6,3
BRDA:478,0,7,0
BRDA:478,0,8,3
BRDA:478,0,9,0
BRDA:479,0,0,3
BRDA:479,0,1,0
BRDA:479,0,2,3
BRDA:479,0,3,0
BRDA:479,0,4,3
BRDA:479,0,5,0
BRDA:479,0,6,3
BRDA:479,0,7,0
BRDA:479,0,8,3
BRDA:479,0,9,0
BRDA:501,0,0,3
BRDA:501,0,1,0
BRDA:501,0,2,3
BRDA:501,0,3,0
BRDA:501,0,4,3
BRDA:501,0,5,0
BRDA:501,0,6,3
BRDA:501,0,7,0
BRDA:501,0,8,3
BRDA:501,0,9,0
BRDA:503,0,0,3
BRDA:503,0,1,0
BRDA:503,0,2,3
BRDA:503,0,3,0
BRDA:503,0,4,3
BRDA:503,0,5,0
BRDA:503,0,6,3
BRDA:503,0,7,0
BRDA:503,0,8,3
BRDA:503,0,9,0
BRDA:504,0,0,3
BRDA:504,0,1,0
BRDA:504,0,2,3
BRDA:504,0,3,0
BRDA:504,0,4,3
BRDA:504,0,5,0
BRDA:504,0,6,3
BRDA:504,0,7,0
BRDA:504,0,8,3
BRDA:504,0,9,0
BRDA:505,0,0,3
BRDA:505,0,1,0
BRDA:505,0,2,3
BRDA:505,0,3,0
BRDA:505,0,4,3
BRDA:505,0,5,0
BRDA:505,0,6,3
BRDA:505,0,7,0
BRDA:505,0,8,3
BRDA:505,0,9,0
BRDA:506,0,0,3
BRDA:506,0,1,0
BRDA:506,0,2,3
BRDA:506,0,3,0
BRDA:506,0,4,3
BRDA:506,0,5,0
BRDA:506,0,6,3
BRDA:506,0,7,0
BRDA:506,0,8,3
BRDA:506,0,9,0
BRDA:549,0,0,2
BRDA:549,0,1,1
BRF:810
BRH:406
DA:5,3
DA:6,3
DA:7,3
DA:8,3
DA:9,3
DA:10,3
DA:11,3
DA:12,3
DA:13,3
DA:14,3
DA:15,3
DA:16,3
DA:17,3
DA:18,3
DA:19,3
DA:20,3
DA:21,3
DA:22,3
DA:23,3
DA:24,3
DA:25,3
DA:27,3
DA:29,3
DA:31,3
DA:33,3
DA:35,3
DA:37,3
DA:39,3
DA:41,3
DA:43,3
DA:45,3
DA:47,3
DA:50,3
DA:51,3
DA:52,3
DA:56,3
DA:57,3
DA:59,3
DA:60,3
DA:61,3
DA:63,3
DA:65,3
DA:67,3
DA:68,3
DA:69,3
DA:70,3
DA:72,3
DA:74,3
DA:77,3
DA:78,3
DA:79,3
DA:80,3
DA:81,3
DA:82,3
DA:83,3
DA:84,3
DA:85,3
DA:86,3
DA:87,3
DA:88,3
DA:89,3
DA:90,3
DA:91,3
DA:92,3
DA:93,3
DA:94,3
DA:95,3
DA:96,3
DA:97,3
DA:99,3
DA:101,3
DA:103,3
DA:105,3
DA:107,3
DA:109,3
DA:112,2
DA:113,2
DA:114,2
DA:115,2
DA:116,2
DA:117,2
DA:118,2
DA:119,2
DA:120,2
DA:121,2
DA:122,2
DA:123,2
DA:124,2
DA:127,2
DA:128,2
DA:129,2
DA:130,2
DA:131,2
DA:132,2
DA:133,2
DA:134,2
DA:135,2
DA:136,2
DA:137,2
DA:138,2
DA:140,2
DA:141,2
DA:142,2
DA:143,2
DA:146,3
DA:147,3
DA:148,3
DA:149,3
DA:150,3
DA:151,3
DA:152,3
DA:153,3
DA:154,3
DA:155,3
DA:156,3
DA:158,3
DA:159,3
DA:160,3
DA:161,3
DA:162,3
DA:163,3
DA:164,3
DA:165,3
DA:166,3
DA:167,3
DA:168,3
DA:171,3
DA:172,3
DA:173,3
DA:174,3
DA:175,3
DA:176,3
DA:177,3
DA:178,3
DA:179,3
DA:180,3
DA:181,3
DA:182,3
DA:183,3
DA:184,3
DA:185,3
DA:186,3
DA:187,3
DA:188,3
DA:189,3
DA:190,3
DA:191,3
DA:193,3
DA:195,3
DA:197,3
DA:199,3
DA:201,3
DA:203,3
DA:205,3
DA:207,3
DA:209,3
DA:211,3
DA:213,3
DA:216,3
DA:217,3
DA:218,3
DA:219,3
DA:220,3
DA:221,3
DA:222,3
DA:223,3
DA:224,3
DA:225,3
DA:226,3
DA:227,3
DA:228,3
DA:229,3
DA:230,3
DA:231,3
DA:232,3
DA:233,3
DA:234,3
DA:235,3
DA:236,3
DA:237,3
DA:238,3
DA:239,3
DA:240,3
DA:241,3
DA:242,3
DA:245,3
DA:250,3
DA:251,3
DA:252,3
DA:253,3
DA:254,3
DA:255,3
DA:256,3
DA:257,3
DA:258,3
DA:259,3
DA:260,3
DA:261,3
DA:268,3
DA:270,3
DA:272,3
DA:276,3
DA:280,3
DA:282,3
DA:283,3
DA:284,3
DA:285,3
DA:286,3
DA:287,3
DA:288,3
DA:289,3
DA:290,3
DA:291,3
DA:292,3
DA:293,3
DA:294,3
DA:295,3
DA:296,3
DA:297,3
DA:298,3
DA:299,3
DA:300,3
DA:301,3
DA:303,3
DA:304,3
DA:305,3
DA:306,3
DA:307,3
DA:308,3
DA:309,3
DA:310,3
DA:311,3
DA:312,3
DA:313,3
DA:316,3
DA:318,3
DA:319,3
DA:320,3
DA:321,3
DA:322,3
DA:323,3
DA:324,3
DA:325,3
DA:326,3
DA:327,3
DA:329,3
DA:330,3
DA:331,3
DA:332,3
DA:333,3
DA:334,3
DA:335,3
DA:336,3
DA:337,3
DA:338,3
DA:340,3
DA:343,3
DA:345,3
DA:346,3
DA:347,3
DA:348,3
DA:349,3
DA:350,3
DA:351,3
DA:352,3
DA:353,3
DA:354,3
DA:355,3
DA:356,3
DA:357,3
DA:358,3
DA:359,3
DA:360,3
DA:361,3
DA:362,3
DA:363,3
DA:364,3
DA:366,3
DA:367,3
DA:368,3
DA:369,3
DA:370,3
DA:371,3
DA:372,3
DA:373,3
DA:374,3
DA:375,3
DA:377,3
DA:380,3
DA:382,3
DA:383,3
DA:384,3
DA:385,3
DA:386,3
DA:387,3
DA:388,3
DA:389,3
DA:392,3
DA:393,3
DA:394,3
DA:395,3
DA:396,3
DA:397,3
DA:398,3
DA:399,3
DA:400,3
DA:401,3
DA:403,3
DA:404,3
DA:405,3
DA:406,3
DA:408,3
DA:409,3
DA:410,3
DA:411,3
DA:412,3
DA:414,3
DA:418,3
DA:419,3
DA:420,3
DA:421,3
DA:422,3
DA:423,3
DA:424,3
DA:425,3
DA:426,3
DA:427,3
DA:428,3
DA:429,3
DA:430,3
DA:431,3
DA:432,3
DA:433,3
DA:434,3
DA:435,3
DA:436,3
DA:437,3
DA:438,3
DA:439,3
DA:440,3
DA:441,3
DA:442,3
DA:443,3
DA:444,3
DA:448,3
DA:450,3
DA:451,3
DA:452,3
DA:453,3
DA:454,3
DA:455,3
DA:456,3
DA:457,3
DA:458,3
DA:459,3
DA:460,3
DA:461,3
DA:462,3
DA:463,3
DA:464,3
DA:465,3
DA:466,3
DA:467,3
DA:471,3
DA:472,3
DA:473,3
DA:474,3
DA:475,3
DA:476,3
DA:477,3
DA:478,3
DA:479,3
DA:481,3
DA:484,3
DA:486,3
DA:487,3
DA:488,3
DA:489,3
DA:490,3
DA:491,3
DA:492,3
DA:493,3
DA:498,3
DA:499,3
DA:501,3
DA:503,3
DA:504,3
DA:505,3
DA:506,3
DA:518,3
DA:522,47
DA:523,47
DA:524,47
DA:525,47
DA:527,47
DA:529,47
DA:530,47
DA:531,47
DA:532,47
DA:533,47
DA:534,47
DA:535,47
DA:536,47
DA:537,47
DA:538,47
DA:539,47
DA:540,47
DA:541,47
DA:542,47
DA:543,47
DA:545,47
DA:546,3
DA:548,3
DA:549,3
DA:550,2
DA:552,1
DA:554,3
LF:417
LH:417
end_of_record
