TN:stest
SF:/home/komil/Desktop/School21/C2_s21_stringplus-2/src/s21_memchr.c
FN:3,12,s21_memchr
FNDA:10,s21_memchr
FNF:1
FNH:1
BRDA:6,0,0,55
BRDA:6,0,1,4
BRDA:7,0,0,6
BRDA:7,0,1,49
BRF:4
BRH:4
DA:3,10
DA:4,10
DA:5,10
DA:6,59
DA:7,55
DA:8,6
DA:11,4
LF:7
LH:7
end_of_record
TN:stest
SF:/home/komil/Desktop/School21/C2_s21_stringplus-2/src/s21_memcmp.c
FN:3,14,s21_memcmp
FNDA:134,s21_memcmp
FNF:1
FNH:1
BRDA:8,0,0,183
BRDA:8,0,1,104
BRDA:8,0,2,153
BRDA:8,0,3,30
BRDA:9,0,0,104
BRDA:9,0,1,49
BRF:6
BRH:6
DA:3,134
DA:4,134
DA:5,134
DA:6,134
DA:7,134
DA:8,287
DA:9,153
DA:10,104
DA:11,153
DA:13,134
LF:10
LH:10
end_of_record
TN:stest
SF:/home/komil/Desktop/School21/C2_s21_stringplus-2/src/s21_memcpy.c
FN:3,10,s21_memcpy
FNDA:15,s21_memcpy
FNF:1
FNH:1
BRDA:6,0,0,52
BRDA:6,0,1,15
BRF:2
BRH:2
DA:3,15
DA:4,15
DA:5,15
DA:6,67
DA:7,52
DA:9,15
LF:6
LH:6
end_of_record
TN:stest
SF:/home/komil/Desktop/School21/C2_s21_stringplus-2/src/s21_memset.c
FN:3,10,s21_memset
FNDA:10,s21_memset
FNF:1
FNH:1
BRDA:6,0,0,90
BRDA:6,0,1,10
BRF:2
BRH:2
DA:3,10
DA:4,10
DA:5,10
DA:6,100
DA:7,90
DA:9,10
LF:6
LH:6
end_of_record
TN:stest
SF:/home/komil/Desktop/School21/C2_s21_stringplus-2/src/s21_sprintf.c
FN:101,126,input_with_params
FN:127,143,num_power
FN:145,155,shorter
FN:157,196,size_double_with_params
FN:198,224,input_double
FN:226,271,input_num
FN:273,293,size_num_with_params
FN:28,35,read_params
FN:295,300,nan_inf
FN:302,324,output_e
FN:326,373,double_to_str
FN:37,62,set_flags
FN:374,421,output_decimal
FN:422,443,output_d
FN:444,509,num_to_str
FN:5,26,s21_sprintf
FN:511,531,symvols_decimal
FN:533,566,input_symbols
FN:567,589,p_null
FN:64,78,set_width
FN:80,89,set_accuracy
FN:91,99,set_length
FNDA:0,input_with_params
FNDA:0,num_power
FNDA:0,shorter
FNDA:0,size_double_with_params
FNDA:0,input_double
FNDA:0,input_num
FNDA:0,size_num_with_params
FNDA:0,read_params
FNDA:0,nan_inf
FNDA:0,output_e
FNDA:0,double_to_str
FNDA:0,set_flags
FNDA:0,output_decimal
FNDA:0,output_d
FNDA:0,num_to_str
FNDA:0,s21_sprintf
FNDA:0,symvols_decimal
FNDA:0,input_symbols
FNDA:0,p_null
FNDA:0,set_width
FNDA:0,set_accuracy
FNDA:0,set_length
FNF:22
FNH:0
BRDA:10,0,0,-
BRDA:10,0,1,-
BRDA:11,0,0,-
BRDA:11,0,1,-
BRDA:39,0,0,-
BRDA:39,0,1,-
BRDA:40,0,0,-
BRDA:40,0,1,-
BRDA:43,0,0,-
BRDA:43,0,1,-
BRDA:46,0,0,-
BRDA:46,0,1,-
BRDA:49,0,0,-
BRDA:49,0,1,-
BRDA:52,0,0,-
BRDA:52,0,1,-
BRDA:58,0,0,-
BRDA:58,0,1,-
BRDA:60,0,0,-
BRDA:60,0,1,-
BRDA:60,0,2,-
BRDA:60,0,3,-
BRDA:61,0,0,-
BRDA:61,0,1,-
BRDA:61,0,2,-
BRDA:61,0,3,-
BRDA:67,0,0,-
BRDA:67,0,1,-
BRDA:71,0,0,-
BRDA:71,0,1,-
BRDA:71,0,2,-
BRDA:71,0,3,-
BRDA:82,0,0,-
BRDA:82,0,1,-
BRDA:92,0,0,-
BRDA:92,0,1,-
BRDA:94,0,0,-
BRDA:94,0,1,-
BRDA:96,0,0,-
BRDA:96,0,1,-
BRDA:98,0,0,-
BRDA:98,0,1,-
BRDA:103,0,0,-
BRDA:103,0,1,-
BRDA:103,0,2,-
BRDA:103,0,3,-
BRDA:103,0,4,-
BRDA:103,0,5,-
BRDA:103,0,6,-
BRDA:103,0,7,-
BRDA:104,0,0,-
BRDA:104,0,1,-
BRDA:104,0,2,-
BRDA:104,0,3,-
BRDA:104,0,4,-
BRDA:104,0,5,-
BRDA:105,0,0,-
BRDA:105,0,1,-
BRDA:109,0,0,-
BRDA:109,0,1,-
BRDA:109,0,2,-
BRDA:109,0,3,-
BRDA:109,0,4,-
BRDA:109,0,5,-
BRDA:110,0,0,-
BRDA:110,0,1,-
BRDA:110,0,2,-
BRDA:110,0,3,-
BRDA:111,0,0,-
BRDA:111,0,1,-
BRDA:113,0,0,-
BRDA:113,0,1,-
BRDA:113,0,2,-
BRDA:113,0,3,-
BRDA:115,0,0,-
BRDA:115,0,1,-
BRDA:118,0,0,-
BRDA:118,0,1,-
BRDA:128,0,0,-
BRDA:128,0,1,-
BRDA:129,0,0,-
BRDA:129,0,1,-
BRDA:136,0,0,-
BRDA:136,0,1,-
BRDA:136,0,2,-
BRDA:136,0,3,-
BRDA:140,0,0,-
BRDA:140,0,1,-
BRDA:149,0,0,-
BRDA:149,0,1,-
BRDA:149,0,2,-
BRDA:149,0,3,-
BRDA:149,0,4,-
BRDA:149,0,5,-
BRDA:149,0,6,-
BRDA:149,0,7,-
BRDA:150,0,0,-
BRDA:150,0,1,-
BRDA:150,0,2,-
BRDA:150,0,3,-
BRDA:163,0,0,-
BRDA:163,0,1,-
BRDA:163,0,2,-
BRDA:163,0,3,-
BRDA:164,0,0,-
BRDA:164,0,1,-
BRDA:170,0,0,-
BRDA:170,0,1,-
BRDA:170,0,2,-
BRDA:170,0,3,-
BRDA:172,0,0,-
BRDA:172,0,1,-
BRDA:172,0,2,-
BRDA:172,0,3,-
BRDA:177,0,0,-
BRDA:177,0,1,-
BRDA:177,0,2,-
BRDA:177,0,3,-
BRDA:179,0,0,-
BRDA:179,0,1,-
BRDA:180,0,0,-
BRDA:180,0,1,-
BRDA:180,0,2,-
BRDA:180,0,3,-
BRDA:190,0,0,-
BRDA:190,0,1,-
BRDA:190,0,2,-
BRDA:190,0,3,-
BRDA:190,0,4,-
BRDA:190,0,5,-
BRDA:191,0,0,-
BRDA:191,0,1,-
BRDA:192,0,0,-
BRDA:192,0,1,-
BRDA:200,0,0,-
BRDA:200,0,1,-
BRDA:201,0,0,-
BRDA:201,0,1,-
BRDA:208,0,0,-
BRDA:208,0,1,-
BRDA:211,0,0,-
BRDA:211,0,1,-
BRDA:216,0,0,-
BRDA:216,0,1,-
BRDA:216,0,2,-
BRDA:216,0,3,-
BRDA:229,0,0,-
BRDA:229,0,1,-
BRDA:230,0,0,-
BRDA:230,0,1,-
BRDA:230,0,2,-
BRDA:230,0,3,-
BRDA:234,0,0,-
BRDA:234,0,1,-
BRDA:235,0,0,-
BRDA:235,0,1,-
BRDA:235,0,2,-
BRDA:235,0,3,-
BRDA:240,0,0,-
BRDA:240,0,1,-
BRDA:240,0,2,-
BRDA:240,0,3,-
BRDA:246,0,0,-
BRDA:246,0,1,-
BRDA:246,0,2,-
BRDA:246,0,3,-
BRDA:246,0,4,-
BRDA:246,0,5,-
BRDA:247,0,0,-
BRDA:247,0,1,-
BRDA:247,0,2,-
BRDA:247,0,3,-
BRDA:247,0,4,-
BRDA:247,0,5,-
BRDA:248,0,0,-
BRDA:248,0,1,-
BRDA:250,0,0,-
BRDA:250,0,1,-
BRDA:250,0,2,-
BRDA:250,0,3,-
BRDA:255,0,0,-
BRDA:255,0,1,-
BRDA:264,0,0,-
BRDA:264,0,1,-
BRDA:264,0,2,-
BRDA:264,0,3,-
BRDA:277,0,0,-
BRDA:277,0,1,-
BRDA:277,0,2,-
BRDA:277,0,3,-
BRDA:277,0,4,-
BRDA:277,0,5,-
BRDA:279,0,0,-
BRDA:279,0,1,-
BRDA:283,0,0,-
BRDA:283,0,1,-
BRDA:284,0,0,-
BRDA:284,0,1,-
BRDA:284,0,2,-
BRDA:284,0,3,-
BRDA:284,0,4,-
BRDA:284,0,5,-
BRDA:285,0,0,-
BRDA:285,0,1,-
BRDA:285,0,2,-
BRDA:285,0,3,-
BRDA:285,0,4,-
BRDA:285,0,5,-
BRDA:286,0,0,-
BRDA:286,0,1,-
BRDA:288,0,0,-
BRDA:288,0,1,-
BRDA:288,0,2,-
BRDA:288,0,3,-
BRDA:288,0,4,-
BRDA:288,0,5,-
BRDA:288,0,6,-
BRDA:288,0,7,-
BRDA:290,0,0,-
BRDA:290,0,1,-
BRDA:297,0,0,-
BRDA:297,0,1,-
BRDA:298,0,0,-
BRDA:298,0,1,-
BRDA:305,0,0,-
BRDA:305,0,1,-
BRDA:309,0,0,-
BRDA:309,0,1,-
BRDA:317,0,0,-
BRDA:317,0,1,-
BRDA:318,0,0,-
BRDA:318,0,1,-
BRDA:320,0,0,-
BRDA:320,0,1,-
BRDA:328,0,0,-
BRDA:328,0,1,-
BRDA:329,0,0,-
BRDA:329,0,1,-
BRDA:329,0,2,-
BRDA:329,0,3,-
BRDA:329,0,4,-
BRDA:329,0,5,-
BRDA:330,0,0,-
BRDA:330,0,1,-
BRDA:330,0,2,-
BRDA:330,0,3,-
BRDA:335,0,0,-
BRDA:335,0,1,-
BRDA:340,0,0,-
BRDA:340,0,1,-
BRDA:340,0,2,-
BRDA:340,0,3,-
BRDA:342,0,0,-
BRDA:342,0,1,-
BRDA:345,0,0,-
BRDA:345,0,1,-
BRDA:345,0,2,-
BRDA:345,0,3,-
BRDA:345,0,4,-
BRDA:345,0,5,-
BRDA:347,0,0,-
BRDA:347,0,1,-
BRDA:347,0,2,-
BRDA:347,0,3,-
BRDA:350,0,0,-
BRDA:350,0,1,-
BRDA:353,0,0,-
BRDA:353,0,1,-
BRDA:358,0,0,-
BRDA:358,0,1,-
BRDA:359,0,0,-
BRDA:359,0,1,-
BRDA:359,0,2,-
BRDA:359,0,3,-
BRDA:363,0,0,-
BRDA:363,0,1,-
BRDA:378,0,0,-
BRDA:378,0,1,-
BRDA:383,0,0,-
BRDA:383,0,1,-
BRDA:387,0,0,-
BRDA:387,0,1,-
BRDA:387,0,2,-
BRDA:387,0,3,-
BRDA:388,0,0,-
BRDA:388,0,1,-
BRDA:394,0,0,-
BRDA:394,0,1,-
BRDA:401,0,0,-
BRDA:401,0,1,-
BRDA:401,0,2,-
BRDA:401,0,3,-
BRDA:401,0,4,-
BRDA:401,0,5,-
BRDA:409,0,0,-
BRDA:409,0,1,-
BRDA:414,0,0,-
BRDA:414,0,1,-
BRDA:415,0,0,-
BRDA:415,0,1,-
BRDA:415,0,2,-
BRDA:415,0,3,-
BRDA:415,0,4,-
BRDA:415,0,5,-
BRDA:416,0,0,-
BRDA:416,0,1,-
BRDA:426,0,0,-
BRDA:426,0,1,-
BRDA:426,0,2,-
BRDA:426,0,3,-
BRDA:426,0,4,-
BRDA:426,0,5,-
BRDA:430,0,0,-
BRDA:430,0,1,-
BRDA:430,0,2,-
BRDA:430,0,3,-
BRDA:434,0,0,-
BRDA:434,0,1,-
BRDA:447,0,0,-
BRDA:447,0,1,-
BRDA:447,0,2,-
BRDA:447,0,3,-
BRDA:447,0,4,-
BRDA:447,0,5,-
BRDA:452,0,0,-
BRDA:452,0,1,-
BRDA:453,0,0,-
BRDA:453,0,1,-
BRDA:454,0,0,-
BRDA:454,0,1,-
BRDA:454,0,2,-
BRDA:454,0,3,-
BRDA:456,0,0,-
BRDA:456,0,1,-
BRDA:465,0,0,-
BRDA:465,0,1,-
BRDA:466,0,0,-
BRDA:466,0,1,-
BRDA:466,0,2,-
BRDA:466,0,3,-
BRDA:466,0,4,-
BRDA:466,0,5,-
BRDA:471,0,0,-
BRDA:471,0,1,-
BRDA:471,0,2,-
BRDA:471,0,3,-
BRDA:471,0,4,-
BRDA:471,0,5,-
BRDA:471,0,6,-
BRDA:471,0,7,-
BRDA:471,0,8,-
BRDA:471,0,9,-
BRDA:473,0,0,-
BRDA:473,0,1,-
BRDA:478,0,0,-
BRDA:478,0,1,-
BRDA:478,0,2,-
BRDA:478,0,3,-
BRDA:478,0,4,-
BRDA:478,0,5,-
BRDA:485,0,0,-
BRDA:485,0,1,-
BRDA:485,0,2,-
BRDA:485,0,3,-
BRDA:485,0,4,-
BRDA:485,0,5,-
BRDA:488,0,0,-
BRDA:488,0,1,-
BRDA:488,0,2,-
BRDA:488,0,3,-
BRDA:488,0,4,-
BRDA:488,0,5,-
BRDA:491,0,0,-
BRDA:491,0,1,-
BRDA:491,0,2,-
BRDA:491,0,3,-
BRDA:491,0,4,-
BRDA:491,0,5,-
BRDA:494,0,0,-
BRDA:494,0,1,-
BRDA:494,0,2,-
BRDA:494,0,3,-
BRDA:494,0,4,-
BRDA:494,0,5,-
BRDA:495,0,0,-
BRDA:495,0,1,-
BRDA:495,0,2,-
BRDA:495,0,3,-
BRDA:495,0,4,-
BRDA:495,0,5,-
BRDA:496,0,0,-
BRDA:496,0,1,-
BRDA:497,0,0,-
BRDA:497,0,1,-
BRDA:497,0,2,-
BRDA:497,0,3,-
BRDA:497,0,4,-
BRDA:497,0,5,-
BRDA:497,0,6,-
BRDA:497,0,7,-
BRDA:497,0,8,-
BRDA:497,0,9,-
BRDA:503,0,0,-
BRDA:503,0,1,-
BRDA:503,0,2,-
BRDA:503,0,3,-
BRDA:513,0,0,-
BRDA:513,0,1,-
BRDA:516,0,0,-
BRDA:516,0,1,-
BRDA:519,0,0,-
BRDA:519,0,1,-
BRDA:522,0,0,-
BRDA:522,0,1,-
BRDA:522,0,2,-
BRDA:522,0,3,-
BRDA:522,0,4,-
BRDA:522,0,5,-
BRDA:527,0,0,-
BRDA:527,0,1,-
BRDA:527,0,2,-
BRDA:527,0,3,-
BRDA:539,0,0,-
BRDA:539,0,1,-
BRDA:546,0,0,-
BRDA:546,0,1,-
BRDA:549,0,0,-
BRDA:549,0,1,-
BRDA:549,0,2,-
BRDA:549,0,3,-
BRDA:551,0,0,-
BRDA:551,0,1,-
BRDA:551,0,2,-
BRDA:551,0,3,-
BRDA:560,0,0,-
BRDA:560,0,1,-
BRDA:560,0,2,-
BRDA:560,0,3,-
BRDA:568,0,0,-
BRDA:568,0,1,-
BRDA:568,0,2,-
BRDA:568,0,3,-
BRF:442
BRH:0
DA:5,0
DA:6,0
DA:8,0
DA:10,0
DA:11,0
DA:12,0
DA:13,0
DA:15,0
DA:16,0
DA:17,0
DA:19,0
DA:21,0
DA:23,0
DA:24,0
DA:25,0
DA:28,0
DA:29,0
DA:30,0
DA:31,0
DA:32,0
DA:33,0
DA:34,0
DA:37,0
DA:38,0
DA:39,0
DA:40,0
DA:41,0
DA:42,0
DA:43,0
DA:44,0
DA:45,0
DA:46,0
DA:47,0
DA:48,0
DA:49,0
DA:50,0
DA:51,0
DA:52,0
DA:53,0
DA:54,0
DA:56,0
DA:58,0
DA:60,0
DA:61,0
DA:62,0
DA:64,0
DA:67,0
DA:68,0
DA:69,0
DA:71,0
DA:72,0
DA:73,0
DA:74,0
DA:75,0
DA:78,0
DA:80,0
DA:82,0
DA:83,0
DA:84,0
DA:85,0
DA:86,0
DA:87,0
DA:89,0
DA:91,0
DA:92,0
DA:93,0
DA:94,0
DA:95,0
DA:96,0
DA:97,0
DA:98,0
DA:99,0
DA:101,0
DA:103,0
DA:104,0
DA:105,0
DA:106,0
DA:108,0
DA:109,0
DA:110,0
DA:111,0
DA:112,0
DA:113,0
DA:114,0
DA:115,0
DA:116,0
DA:117,0
DA:118,0
DA:119,0
DA:120,0
DA:122,0
DA:125,0
DA:127,0
DA:128,0
DA:129,0
DA:130,0
DA:131,0
DA:133,0
DA:134,0
DA:136,0
DA:137,0
DA:138,0
DA:140,0
DA:142,0
DA:145,0
DA:146,0
DA:147,0
DA:148,0
DA:149,0
DA:150,0
DA:151,0
DA:153,0
DA:154,0
DA:157,0
DA:159,0
DA:160,0
DA:161,0
DA:162,0
DA:163,0
DA:164,0
DA:165,0
DA:166,0
DA:168,0
DA:169,0
DA:170,0
DA:171,0
DA:172,0
DA:173,0
DA:175,0
DA:176,0
DA:177,0
DA:178,0
DA:179,0
DA:180,0
DA:181,0
DA:183,0
DA:184,0
DA:187,0
DA:188,0
DA:190,0
DA:191,0
DA:192,0
DA:193,0
DA:194,0
DA:195,0
DA:198,0
DA:199,0
DA:200,0
DA:201,0
DA:202,0
DA:204,0
DA:206,0
DA:207,0
DA:208,0
DA:209,0
DA:210,0
DA:211,0
DA:212,0
DA:213,0
DA:215,0
DA:216,0
DA:217,0
DA:218,0
DA:219,0
DA:222,0
DA:223,0
DA:226,0
DA:227,0
DA:228,0
DA:229,0
DA:230,0
DA:231,0
DA:233,0
DA:234,0
DA:235,0
DA:236,0
DA:238,0
DA:240,0
DA:241,0
DA:243,0
DA:246,0
DA:247,0
DA:248,0
DA:250,0
DA:251,0
DA:252,0
DA:254,0
DA:255,0
DA:256,0
DA:257,0
DA:259,0
DA:261,0
DA:264,0
DA:265,0
DA:266,0
DA:267,0
DA:270,0
DA:273,0
DA:275,0
DA:276,0
DA:277,0
DA:279,0
DA:280,0
DA:281,0
DA:283,0
DA:284,0
DA:285,0
DA:286,0
DA:287,0
DA:288,0
DA:290,0
DA:292,0
DA:295,0
DA:296,0
DA:297,0
DA:298,0
DA:299,0
DA:302,0
DA:303,0
DA:304,0
DA:305,0
DA:306,0
DA:307,0
DA:309,0
DA:310,0
DA:311,0
DA:313,0
DA:314,0
DA:315,0
DA:317,0
DA:318,0
DA:319,0
DA:320,0
DA:321,0
DA:323,0
DA:324,0
DA:326,0
DA:328,0
DA:329,0
DA:330,0
DA:331,0
DA:332,0
DA:333,0
DA:334,0
DA:335,0
DA:336,0
DA:337,0
DA:339,0
DA:340,0
DA:341,0
DA:342,0
DA:345,0
DA:347,0
DA:348,0
DA:350,0
DA:351,0
DA:352,0
DA:353,0
DA:354,0
DA:358,0
DA:359,0
DA:361,0
DA:363,0
DA:364,0
DA:365,0
DA:366,0
DA:368,0
DA:369,0
DA:370,0
DA:372,0
DA:374,0
DA:376,0
DA:377,0
DA:378,0
DA:379,0
DA:380,0
DA:381,0
DA:383,0
DA:385,0
DA:386,0
DA:387,0
DA:388,0
DA:389,0
DA:390,0
DA:391,0
DA:392,0
DA:394,0
DA:395,0
DA:396,0
DA:397,0
DA:399,0
DA:401,0
DA:402,0
DA:403,0
DA:406,0
DA:408,0
DA:409,0
DA:410,0
DA:411,0
DA:412,0
DA:414,0
DA:415,0
DA:416,0
DA:417,0
DA:418,0
DA:420,0
DA:421,0
DA:422,0
DA:423,0
DA:424,0
DA:426,0
DA:427,0
DA:428,0
DA:430,0
DA:431,0
DA:432,0
DA:434,0
DA:435,0
DA:436,0
DA:439,0
DA:441,0
DA:442,0
DA:443,0
DA:444,0
DA:446,0
DA:447,0
DA:448,0
DA:449,0
DA:451,0
DA:452,0
DA:453,0
DA:454,0
DA:455,0
DA:456,0
DA:457,0
DA:459,0
DA:460,0
DA:461,0
DA:462,0
DA:465,0
DA:466,0
DA:467,0
DA:468,0
DA:471,0
DA:473,0
DA:474,0
DA:476,0
DA:477,0
DA:478,0
DA:479,0
DA:480,0
DA:485,0
DA:486,0
DA:487,0
DA:488,0
DA:489,0
DA:490,0
DA:491,0
DA:492,0
DA:493,0
DA:494,0
DA:495,0
DA:496,0
DA:497,0
DA:499,0
DA:500,0
DA:503,0
DA:504,0
DA:505,0
DA:507,0
DA:511,0
DA:513,0
DA:514,0
DA:515,0
DA:516,0
DA:517,0
DA:518,0
DA:519,0
DA:520,0
DA:521,0
DA:522,0
DA:523,0
DA:524,0
DA:527,0
DA:528,0
DA:529,0
DA:531,0
DA:533,0
DA:535,0
DA:536,0
DA:538,0
DA:539,0
DA:540,0
DA:541,0
DA:542,0
DA:543,0
DA:546,0
DA:547,0
DA:548,0
DA:549,0
DA:551,0
DA:552,0
DA:553,0
DA:554,0
DA:557,0
DA:558,0
DA:560,0
DA:561,0
DA:562,0
DA:563,0
DA:565,0
DA:567,0
DA:568,0
DA:569,0
DA:570,0
DA:571,0
DA:573,0
DA:574,0
DA:575,0
DA:576,0
DA:577,0
DA:578,0
DA:579,0
DA:580,0
DA:581,0
DA:582,0
DA:583,0
DA:584,0
DA:585,0
DA:586,0
DA:587,0
DA:588,0
LF:432
LH:0
end_of_record
TN:stest
SF:/home/komil/Desktop/School21/C2_s21_stringplus-2/src/s21_strchr.c
FN:3,15,s21_strchr
FNDA:32,s21_strchr
FNF:1
FNH:1
BRDA:6,0,0,126
BRDA:6,0,1,32
BRDA:7,0,0,11
BRDA:7,0,1,115
BRDA:8,0,0,8
BRDA:8,0,1,3
BRF:6
BRH:6
DA:3,32
DA:4,32
DA:5,32
DA:6,158
DA:7,126
DA:8,11
DA:9,8
DA:10,8
DA:14,32
LF:9
LH:9
end_of_record
TN:stest
SF:/home/komil/Desktop/School21/C2_s21_stringplus-2/src/s21_strcspn.c
FN:26,34,does_contain
FN:3,23,s21_strcspn
FNDA:238,does_contain
FNDA:19,s21_strcspn
FNF:2
FNH:2
BRDA:8,0,0,238
BRDA:8,0,1,19
BRDA:10,0,0,51
BRDA:10,0,1,187
BRDA:11,0,0,17
BRDA:11,0,1,34
BRDA:18,0,0,4
BRDA:18,0,1,15
BRDA:18,0,2,2
BRDA:18,0,3,2
BRDA:28,0,0,470
BRDA:28,0,1,238
BRDA:29,0,0,53
BRDA:29,0,1,417
BRF:14
BRH:14
DA:3,19
DA:5,19
DA:6,19
DA:7,19
DA:8,257
DA:9,238
DA:10,238
DA:11,51
DA:12,17
DA:13,17
DA:18,19
DA:19,2
DA:22,19
DA:26,238
DA:27,238
DA:28,708
DA:29,470
DA:30,53
DA:33,238
LF:19
LH:19
end_of_record
TN:stest
SF:/home/komil/Desktop/School21/C2_s21_stringplus-2/src/s21_strerror.c
FN:3,6,s21_strerror
FNDA:10,s21_strerror
FNF:1
FNH:1
DA:3,10
DA:4,10
DA:5,10
LF:3
LH:3
end_of_record
TN:stest
SF:/home/komil/Desktop/School21/C2_s21_stringplus-2/src/s21_strlen.c
FN:3,9,s21_strlen
FNDA:247,s21_strlen
FNF:1
FNH:1
BRDA:5,0,0,2157
BRDA:5,0,1,247
BRF:2
BRH:2
DA:3,247
DA:4,247
DA:5,2404
DA:6,2157
DA:8,247
LF:5
LH:5
end_of_record
TN:stest
SF:/home/komil/Desktop/School21/C2_s21_stringplus-2/src/s21_strncat.c
FN:3,12,s21_strncat
FNDA:3,s21_strncat
FNF:1
FNH:1
BRDA:7,0,0,11
BRDA:7,0,1,1
BRDA:7,0,2,9
BRDA:7,0,3,2
BRF:4
BRH:4
DA:3,3
DA:4,3
DA:7,12
DA:8,9
DA:10,3
DA:11,3
LF:6
LH:6
end_of_record
TN:stest
SF:/home/komil/Desktop/School21/C2_s21_stringplus-2/src/s21_strncmp.c
FN:3,14,s21_strncmp
FNDA:10,s21_strncmp
FNF:1
FNH:1
BRDA:6,0,0,73
BRDA:6,0,1,9
BRDA:7,0,0,0
BRDA:7,0,1,73
BRDA:7,0,2,0
BRDA:7,0,3,0
BRDA:7,0,4,72
BRDA:7,0,5,1
BRDA:8,0,0,1
BRDA:8,0,1,71
BRF:10
BRH:7
DA:3,10
DA:4,10
DA:5,10
DA:6,82
DA:7,73
DA:8,72
DA:9,1
DA:10,1
DA:13,10
LF:9
LH:9
end_of_record
TN:stest
SF:/home/komil/Desktop/School21/C2_s21_stringplus-2/src/s21_strncpy.c
FN:4,13,s21_strncpy
FNDA:10,s21_strncpy
FNF:1
FNH:1
BRDA:7,0,0,1
BRDA:7,0,1,9
BRDA:8,0,0,23
BRDA:8,0,1,1
BRF:4
BRH:4
DA:4,10
DA:5,10
DA:6,10
DA:7,10
DA:8,24
DA:9,23
DA:12,10
LF:7
LH:7
end_of_record
TN:stest
SF:/home/komil/Desktop/School21/C2_s21_stringplus-2/src/s21_strpbrk.c
FN:3,12,s21_strpbrk
FNDA:9,s21_strpbrk
FNF:1
FNH:1
BRDA:7,0,0,8
BRDA:7,0,1,1
BRF:2
BRH:2
DA:3,9
DA:4,9
DA:5,9
DA:7,9
DA:8,8
DA:11,9
LF:6
LH:6
end_of_record
TN:stest
SF:/home/komil/Desktop/School21/C2_s21_stringplus-2/src/s21_strrchr.c
FN:4,17,s21_strrchr
FNDA:5,s21_strrchr
FNF:1
FNH:1
BRDA:8,0,0,80
BRDA:8,0,1,5
BRDA:9,0,0,8
BRDA:9,0,1,72
BRDA:10,0,0,5
BRDA:10,0,1,3
BRF:6
BRH:6
DA:4,5
DA:5,5
DA:6,5
DA:7,5
DA:8,85
DA:9,80
DA:10,8
DA:11,5
DA:12,5
DA:16,5
LF:10
LH:10
end_of_record
TN:stest
SF:/home/komil/Desktop/School21/C2_s21_stringplus-2/src/s21_strstr.c
FN:3,18,s21_strstr
FNDA:10,s21_strstr
FNF:1
FNH:1
BRDA:8,0,0,126
BRDA:8,0,1,10
BRDA:9,0,0,24
BRDA:9,0,1,102
BRDA:10,0,0,10
BRDA:10,0,1,14
BRF:6
BRH:6
DA:3,10
DA:4,10
DA:5,10
DA:6,10
DA:8,136
DA:9,126
DA:10,24
DA:11,10
DA:12,10
DA:17,10
LF:10
LH:10
end_of_record
TN:stest
SF:/home/komil/Desktop/School21/C2_s21_stringplus-2/src/s21_strtok.c
FN:3,36,s21_strtok
FNDA:6,s21_strtok
FNF:1
FNH:1
BRDA:8,0,0,3
BRDA:8,0,1,3
BRDA:12,0,0,2
BRDA:12,0,1,4
BRDA:16,0,0,4
BRDA:16,0,1,2
BRDA:16,0,2,4
BRDA:16,0,3,0
BRDA:16,0,4,0
BRDA:16,0,5,4
BRDA:20,0,0,4
BRDA:20,0,1,2
BRDA:20,0,2,0
BRDA:20,0,3,4
BRDA:26,0,0,23
BRDA:26,0,1,2
BRDA:26,0,2,23
BRDA:26,0,3,0
BRDA:26,0,4,19
BRDA:26,0,5,4
BRDA:30,0,0,4
BRDA:30,0,1,2
BRDA:30,0,2,4
BRDA:30,0,3,0
BRF:24
BRH:19
DA:3,6
DA:6,6
DA:8,6
DA:9,3
DA:12,6
DA:13,2
DA:16,6
DA:17,0
DA:20,6
DA:21,0
DA:22,0
DA:24,6
DA:26,25
DA:27,19
DA:30,6
DA:31,4
DA:32,4
DA:35,6
LF:18
LH:15
end_of_record
TN:stest
SF:/home/komil/Desktop/School21/C2_s21_stringplus-2/src/tests.c
FN:112,143,memcmpTest_fn
FN:146,168,strlenTest_fn
FN:171,213,strncmpTest_fn
FN:216,233,strchrTest_fn
FN:236,267,strncatTest_fn
FN:271,304,strcspnTest_fn
FN:307,331,strerrorTest_fn
FN:334,368,strncpyTest_fn
FN:371,402,strpbrkTest_fn
FN:406,432,strrchrTest_fn
FN:436,469,strstrTest_fn
FN:472,500,strtokTest_fn
FN:5,47,memchrTest_fn
FN:50,74,memsetTest_fn
FN:504,537,main
FN:77,109,memcpyTest_fn
FNDA:1,memcmpTest_fn
FNDA:1,strlenTest_fn
FNDA:1,strncmpTest_fn
FNDA:1,strchrTest_fn
FNDA:1,strncatTest_fn
FNDA:1,strcspnTest_fn
FNDA:1,strerrorTest_fn
FNDA:1,strncpyTest_fn
FNDA:1,strpbrkTest_fn
FNDA:1,strrchrTest_fn
FNDA:1,strstrTest_fn
FNDA:1,strtokTest_fn
FNDA:1,memchrTest_fn
FNDA:1,memsetTest_fn
FNDA:16,main
FNDA:1,memcpyTest_fn
FNF:16
FNH:16
BRDA:27,0,0,1
BRDA:27,0,1,0
BRDA:29,0,0,1
BRDA:29,0,1,0
BRDA:31,0,0,1
BRDA:31,0,1,0
BRDA:33,0,0,1
BRDA:33,0,1,0
BRDA:35,0,0,1
BRDA:35,0,1,0
BRDA:37,0,0,1
BRDA:37,0,1,0
BRDA:39,0,0,1
BRDA:39,0,1,0
BRDA:41,0,0,1
BRDA:41,0,1,0
BRDA:43,0,0,1
BRDA:43,0,1,0
BRDA:45,0,0,1
BRDA:45,0,1,0
BRDA:59,0,0,1
BRDA:59,0,1,0
BRDA:59,0,2,1
BRDA:59,0,3,0
BRDA:59,0,4,1
BRDA:59,0,5,0
BRDA:59,0,6,1
BRDA:59,0,7,0
BRDA:59,0,8,1
BRDA:59,0,9,0
BRDA:60,0,0,1
BRDA:60,0,1,0
BRDA:60,0,2,1
BRDA:60,0,3,0
BRDA:60,0,4,1
BRDA:60,0,5,0
BRDA:60,0,6,1
BRDA:60,0,7,0
BRDA:60,0,8,1
BRDA:60,0,9,0
BRDA:61,0,0,1
BRDA:61,0,1,0
BRDA:61,0,2,1
BRDA:61,0,3,0
BRDA:61,0,4,1
BRDA:61,0,5,0
BRDA:61,0,6,1
BRDA:61,0,7,0
BRDA:61,0,8,1
BRDA:61,0,9,0
BRDA:63,0,0,1
BRDA:63,0,1,0
BRDA:63,0,2,1
BRDA:63,0,3,0
BRDA:63,0,4,1
BRDA:63,0,5,0
BRDA:63,0,6,1
BRDA:63,0,7,0
BRDA:63,0,8,1
BRDA:63,0,9,0
BRDA:65,0,0,1
BRDA:65,0,1,0
BRDA:65,0,2,1
BRDA:65,0,3,0
BRDA:65,0,4,1
BRDA:65,0,5,0
BRDA:65,0,6,1
BRDA:65,0,7,0
BRDA:65,0,8,1
BRDA:65,0,9,0
BRDA:67,0,0,1
BRDA:67,0,1,0
BRDA:67,0,2,1
BRDA:67,0,3,0
BRDA:67,0,4,1
BRDA:67,0,5,0
BRDA:67,0,6,1
BRDA:67,0,7,0
BRDA:67,0,8,1
BRDA:67,0,9,0
BRDA:68,0,0,1
BRDA:68,0,1,0
BRDA:68,0,2,1
BRDA:68,0,3,0
BRDA:68,0,4,1
BRDA:68,0,5,0
BRDA:68,0,6,1
BRDA:68,0,7,0
BRDA:68,0,8,1
BRDA:68,0,9,0
BRDA:69,0,0,1
BRDA:69,0,1,0
BRDA:69,0,2,1
BRDA:69,0,3,0
BRDA:69,0,4,1
BRDA:69,0,5,0
BRDA:69,0,6,1
BRDA:69,0,7,0
BRDA:69,0,8,1
BRDA:69,0,9,0
BRDA:70,0,0,1
BRDA:70,0,1,0
BRDA:70,0,2,1
BRDA:70,0,3,0
BRDA:70,0,4,1
BRDA:70,0,5,0
BRDA:70,0,6,1
BRDA:70,0,7,0
BRDA:70,0,8,1
BRDA:70,0,9,0
BRDA:72,0,0,1
BRDA:72,0,1,0
BRDA:72,0,2,1
BRDA:72,0,3,0
BRDA:72,0,4,1
BRDA:72,0,5,0
BRDA:72,0,6,1
BRDA:72,0,7,0
BRDA:72,0,8,1
BRDA:72,0,9,0
BRDA:99,0,0,1
BRDA:99,0,1,0
BRDA:99,0,2,1
BRDA:99,0,3,0
BRDA:99,0,4,1
BRDA:99,0,5,0
BRDA:99,0,6,1
BRDA:99,0,7,0
BRDA:99,0,8,1
BRDA:99,0,9,0
BRDA:101,0,0,1
BRDA:101,0,1,0
BRDA:101,0,2,1
BRDA:101,0,3,0
BRDA:101,0,4,1
BRDA:101,0,5,0
BRDA:101,0,6,1
BRDA:101,0,7,0
BRDA:101,0,8,1
BRDA:101,0,9,0
BRDA:103,0,0,1
BRDA:103,0,1,0
BRDA:103,0,2,1
BRDA:103,0,3,0
BRDA:103,0,4,1
BRDA:103,0,5,0
BRDA:103,0,6,1
BRDA:103,0,7,0
BRDA:103,0,8,1
BRDA:103,0,9,0
BRDA:105,0,0,1
BRDA:105,0,1,0
BRDA:105,0,2,1
BRDA:105,0,3,0
BRDA:105,0,4,1
BRDA:105,0,5,0
BRDA:105,0,6,1
BRDA:105,0,7,0
BRDA:105,0,8,1
BRDA:105,0,9,0
BRDA:107,0,0,1
BRDA:107,0,1,0
BRDA:107,0,2,1
BRDA:107,0,3,0
BRDA:107,0,4,1
BRDA:107,0,5,0
BRDA:107,0,6,1
BRDA:107,0,7,0
BRDA:107,0,8,1
BRDA:107,0,9,0
BRDA:133,0,0,1
BRDA:133,0,1,0
BRDA:134,0,0,1
BRDA:134,0,1,0
BRDA:135,0,0,1
BRDA:135,0,1,0
BRDA:136,0,0,1
BRDA:136,0,1,0
BRDA:137,0,0,1
BRDA:137,0,1,0
BRDA:138,0,0,1
BRDA:138,0,1,0
BRDA:141,0,0,1
BRDA:141,0,1,0
BRDA:142,0,0,1
BRDA:142,0,1,0
BRDA:158,0,0,1
BRDA:158,0,1,0
BRDA:159,0,0,1
BRDA:159,0,1,0
BRDA:160,0,0,1
BRDA:160,0,1,0
BRDA:161,0,0,1
BRDA:161,0,1,0
BRDA:162,0,0,1
BRDA:162,0,1,0
BRDA:163,0,0,1
BRDA:163,0,1,0
BRDA:164,0,0,1
BRDA:164,0,1,0
BRDA:165,0,0,1
BRDA:165,0,1,0
BRDA:166,0,0,1
BRDA:166,0,1,0
BRDA:167,0,0,1
BRDA:167,0,1,0
BRDA:193,0,0,1
BRDA:193,0,1,0
BRDA:195,0,0,1
BRDA:195,0,1,0
BRDA:197,0,0,1
BRDA:197,0,1,0
BRDA:199,0,0,1
BRDA:199,0,1,0
BRDA:201,0,0,1
BRDA:201,0,1,0
BRDA:203,0,0,1
BRDA:203,0,1,0
BRDA:205,0,0,1
BRDA:205,0,1,0
BRDA:207,0,0,1
BRDA:207,0,1,0
BRDA:209,0,0,1
BRDA:209,0,1,0
BRDA:211,0,0,1
BRDA:211,0,1,0
BRDA:228,0,0,1
BRDA:228,0,1,0
BRDA:229,0,0,1
BRDA:229,0,1,0
BRDA:229,0,2,1
BRDA:229,0,3,0
BRDA:229,0,4,1
BRDA:229,0,5,0
BRDA:229,0,6,1
BRDA:229,0,7,0
BRDA:229,0,8,1
BRDA:229,0,9,0
BRDA:230,0,0,1
BRDA:230,0,1,0
BRDA:230,0,2,1
BRDA:230,0,3,0
BRDA:230,0,4,1
BRDA:230,0,5,0
BRDA:230,0,6,1
BRDA:230,0,7,0
BRDA:230,0,8,1
BRDA:230,0,9,0
BRDA:231,0,0,1
BRDA:231,0,1,0
BRDA:231,0,2,1
BRDA:231,0,3,0
BRDA:231,0,4,1
BRDA:231,0,5,0
BRDA:231,0,6,1
BRDA:231,0,7,0
BRDA:231,0,8,1
BRDA:231,0,9,0
BRDA:232,0,0,1
BRDA:232,0,1,0
BRDA:232,0,2,1
BRDA:232,0,3,0
BRDA:232,0,4,1
BRDA:232,0,5,0
BRDA:232,0,6,1
BRDA:232,0,7,0
BRDA:232,0,8,1
BRDA:232,0,9,0
BRDA:259,0,0,1
BRDA:259,0,1,0
BRDA:259,0,2,1
BRDA:259,0,3,0
BRDA:259,0,4,1
BRDA:259,0,5,0
BRDA:259,0,6,1
BRDA:259,0,7,0
BRDA:259,0,8,1
BRDA:259,0,9,0
BRDA:261,0,0,1
BRDA:261,0,1,0
BRDA:261,0,2,1
BRDA:261,0,3,0
BRDA:261,0,4,1
BRDA:261,0,5,0
BRDA:261,0,6,1
BRDA:261,0,7,0
BRDA:261,0,8,1
BRDA:261,0,9,0
BRDA:263,0,0,1
BRDA:263,0,1,0
BRDA:263,0,2,1
BRDA:263,0,3,0
BRDA:263,0,4,1
BRDA:263,0,5,0
BRDA:263,0,6,1
BRDA:263,0,7,0
BRDA:263,0,8,1
BRDA:263,0,9,0
BRDA:294,0,0,1
BRDA:294,0,1,0
BRDA:295,0,0,1
BRDA:295,0,1,0
BRDA:296,0,0,1
BRDA:296,0,1,0
BRDA:297,0,0,1
BRDA:297,0,1,0
BRDA:298,0,0,1
BRDA:298,0,1,0
BRDA:299,0,0,1
BRDA:299,0,1,0
BRDA:300,0,0,1
BRDA:300,0,1,0
BRDA:301,0,0,1
BRDA:301,0,1,0
BRDA:302,0,0,1
BRDA:302,0,1,0
BRDA:303,0,0,1
BRDA:303,0,1,0
BRDA:320,0,0,1
BRDA:320,0,1,0
BRDA:320,0,2,1
BRDA:320,0,3,0
BRDA:320,0,4,1
BRDA:320,0,5,0
BRDA:320,0,6,1
BRDA:320,0,7,0
BRDA:320,0,8,1
BRDA:320,0,9,0
BRDA:321,0,0,1
BRDA:321,0,1,0
BRDA:321,0,2,1
BRDA:321,0,3,0
BRDA:321,0,4,1
BRDA:321,0,5,0
BRDA:321,0,6,1
BRDA:321,0,7,0
BRDA:321,0,8,1
BRDA:321,0,9,0
BRDA:322,0,0,1
BRDA:322,0,1,0
BRDA:322,0,2,1
BRDA:322,0,3,0
BRDA:322,0,4,1
BRDA:322,0,5,0
BRDA:322,0,6,1
BRDA:322,0,7,0
BRDA:322,0,8,1
BRDA:322,0,9,0
BRDA:323,0,0,1
BRDA:323,0,1,0
BRDA:323,0,2,1
BRDA:323,0,3,0
BRDA:323,0,4,1
BRDA:323,0,5,0
BRDA:323,0,6,1
BRDA:323,0,7,0
BRDA:323,0,8,1
BRDA:323,0,9,0
BRDA:324,0,0,1
BRDA:324,0,1,0
BRDA:324,0,2,1
BRDA:324,0,3,0
BRDA:324,0,4,1
BRDA:324,0,5,0
BRDA:324,0,6,1
BRDA:324,0,7,0
BRDA:324,0,8,1
BRDA:324,0,9,0
BRDA:325,0,0,1
BRDA:325,0,1,0
BRDA:325,0,2,1
BRDA:325,0,3,0
BRDA:325,0,4,1
BRDA:325,0,5,0
BRDA:325,0,6,1
BRDA:325,0,7,0
BRDA:325,0,8,1
BRDA:325,0,9,0
BRDA:326,0,0,1
BRDA:326,0,1,0
BRDA:326,0,2,1
BRDA:326,0,3,0
BRDA:326,0,4,1
BRDA:326,0,5,0
BRDA:326,0,6,1
BRDA:326,0,7,0
BRDA:326,0,8,1
BRDA:326,0,9,0
BRDA:327,0,0,1
BRDA:327,0,1,0
BRDA:327,0,2,1
BRDA:327,0,3,0
BRDA:327,0,4,1
BRDA:327,0,5,0
BRDA:327,0,6,1
BRDA:327,0,7,0
BRDA:327,0,8,1
BRDA:327,0,9,0
BRDA:328,0,0,1
BRDA:328,0,1,0
BRDA:328,0,2,1
BRDA:328,0,3,0
BRDA:328,0,4,1
BRDA:328,0,5,0
BRDA:328,0,6,1
BRDA:328,0,7,0
BRDA:328,0,8,1
BRDA:328,0,9,0
BRDA:329,0,0,1
BRDA:329,0,1,0
BRDA:329,0,2,1
BRDA:329,0,3,0
BRDA:329,0,4,1
BRDA:329,0,5,0
BRDA:329,0,6,1
BRDA:329,0,7,0
BRDA:329,0,8,1
BRDA:329,0,9,0
BRDA:357,0,0,1
BRDA:357,0,1,0
BRDA:357,0,2,1
BRDA:357,0,3,0
BRDA:357,0,4,1
BRDA:357,0,5,0
BRDA:357,0,6,1
BRDA:357,0,7,0
BRDA:357,0,8,1
BRDA:357,0,9,0
BRDA:358,0,0,1
BRDA:358,0,1,0
BRDA:358,0,2,1
BRDA:358,0,3,0
BRDA:358,0,4,1
BRDA:358,0,5,0
BRDA:358,0,6,1
BRDA:358,0,7,0
BRDA:358,0,8,1
BRDA:358,0,9,0
BRDA:359,0,0,1
BRDA:359,0,1,0
BRDA:359,0,2,1
BRDA:359,0,3,0
BRDA:359,0,4,1
BRDA:359,0,5,0
BRDA:359,0,6,1
BRDA:359,0,7,0
BRDA:359,0,8,1
BRDA:359,0,9,0
BRDA:360,0,0,1
BRDA:360,0,1,0
BRDA:360,0,2,1
BRDA:360,0,3,0
BRDA:360,0,4,1
BRDA:360,0,5,0
BRDA:360,0,6,1
BRDA:360,0,7,0
BRDA:360,0,8,1
BRDA:360,0,9,0
BRDA:361,0,0,1
BRDA:361,0,1,0
BRDA:361,0,2,1
BRDA:361,0,3,0
BRDA:361,0,4,1
BRDA:361,0,5,0
BRDA:361,0,6,1
BRDA:361,0,7,0
BRDA:361,0,8,1
BRDA:361,0,9,0
BRDA:362,0,0,1
BRDA:362,0,1,0
BRDA:362,0,2,1
BRDA:362,0,3,0
BRDA:362,0,4,1
BRDA:362,0,5,0
BRDA:362,0,6,1
BRDA:362,0,7,0
BRDA:362,0,8,1
BRDA:362,0,9,0
BRDA:363,0,0,1
BRDA:363,0,1,0
BRDA:363,0,2,1
BRDA:363,0,3,0
BRDA:363,0,4,1
BRDA:363,0,5,0
BRDA:363,0,6,1
BRDA:363,0,7,0
BRDA:363,0,8,1
BRDA:363,0,9,0
BRDA:364,0,0,1
BRDA:364,0,1,0
BRDA:364,0,2,1
BRDA:364,0,3,0
BRDA:364,0,4,1
BRDA:364,0,5,0
BRDA:364,0,6,1
BRDA:364,0,7,0
BRDA:364,0,8,1
BRDA:364,0,9,0
BRDA:365,0,0,1
BRDA:365,0,1,0
BRDA:365,0,2,1
BRDA:365,0,3,0
BRDA:365,0,4,1
BRDA:365,0,5,0
BRDA:365,0,6,1
BRDA:365,0,7,0
BRDA:365,0,8,1
BRDA:365,0,9,0
BRDA:366,0,0,1
BRDA:366,0,1,0
BRDA:366,0,2,1
BRDA:366,0,3,0
BRDA:366,0,4,1
BRDA:366,0,5,0
BRDA:366,0,6,1
BRDA:366,0,7,0
BRDA:366,0,8,1
BRDA:366,0,9,0
BRDA:392,0,0,1
BRDA:392,0,1,0
BRDA:392,0,2,1
BRDA:392,0,3,0
BRDA:392,0,4,1
BRDA:392,0,5,0
BRDA:392,0,6,1
BRDA:392,0,7,0
BRDA:392,0,8,1
BRDA:392,0,9,0
BRDA:393,0,0,1
BRDA:393,0,1,0
BRDA:393,0,2,1
BRDA:393,0,3,0
BRDA:393,0,4,1
BRDA:393,0,5,0
BRDA:393,0,6,1
BRDA:393,0,7,0
BRDA:393,0,8,1
BRDA:393,0,9,0
BRDA:394,0,0,1
BRDA:394,0,1,0
BRDA:395,0,0,1
BRDA:395,0,1,0
BRDA:395,0,2,1
BRDA:395,0,3,0
BRDA:395,0,4,1
BRDA:395,0,5,0
BRDA:395,0,6,1
BRDA:395,0,7,0
BRDA:395,0,8,1
BRDA:395,0,9,0
BRDA:396,0,0,1
BRDA:396,0,1,0
BRDA:396,0,2,1
BRDA:396,0,3,0
BRDA:396,0,4,1
BRDA:396,0,5,0
BRDA:396,0,6,1
BRDA:396,0,7,0
BRDA:396,0,8,1
BRDA:396,0,9,0
BRDA:397,0,0,1
BRDA:397,0,1,0
BRDA:397,0,2,1
BRDA:397,0,3,0
BRDA:397,0,4,1
BRDA:397,0,5,0
BRDA:397,0,6,1
BRDA:397,0,7,0
BRDA:397,0,8,1
BRDA:397,0,9,0
BRDA:398,0,0,1
BRDA:398,0,1,0
BRDA:398,0,2,1
BRDA:398,0,3,0
BRDA:398,0,4,1
BRDA:398,0,5,0
BRDA:398,0,6,1
BRDA:398,0,7,0
BRDA:398,0,8,1
BRDA:398,0,9,0
BRDA:399,0,0,1
BRDA:399,0,1,0
BRDA:399,0,2,1
BRDA:399,0,3,0
BRDA:399,0,4,1
BRDA:399,0,5,0
BRDA:399,0,6,1
BRDA:399,0,7,0
BRDA:399,0,8,1
BRDA:399,0,9,0
BRDA:400,0,0,1
BRDA:400,0,1,0
BRDA:400,0,2,1
BRDA:400,0,3,0
BRDA:400,0,4,1
BRDA:400,0,5,0
BRDA:400,0,6,1
BRDA:400,0,7,0
BRDA:400,0,8,1
BRDA:400,0,9,0
BRDA:427,0,0,1
BRDA:427,0,1,0
BRDA:427,0,2,1
BRDA:427,0,3,0
BRDA:427,0,4,1
BRDA:427,0,5,0
BRDA:427,0,6,1
BRDA:427,0,7,0
BRDA:427,0,8,1
BRDA:427,0,9,0
BRDA:428,0,0,1
BRDA:428,0,1,0
BRDA:428,0,2,1
BRDA:428,0,3,0
BRDA:428,0,4,1
BRDA:428,0,5,0
BRDA:428,0,6,1
BRDA:428,0,7,0
BRDA:428,0,8,1
BRDA:428,0,9,0
BRDA:429,0,0,1
BRDA:429,0,1,0
BRDA:429,0,2,1
BRDA:429,0,3,0
BRDA:429,0,4,1
BRDA:429,0,5,0
BRDA:429,0,6,1
BRDA:429,0,7,0
BRDA:429,0,8,1
BRDA:429,0,9,0
BRDA:430,0,0,1
BRDA:430,0,1,0
BRDA:430,0,2,1
BRDA:430,0,3,0
BRDA:430,0,4,1
BRDA:430,0,5,0
BRDA:430,0,6,1
BRDA:430,0,7,0
BRDA:430,0,8,1
BRDA:430,0,9,0
BRDA:431,0,0,1
BRDA:431,0,1,0
BRDA:431,0,2,1
BRDA:431,0,3,0
BRDA:431,0,4,1
BRDA:431,0,5,0
BRDA:431,0,6,1
BRDA:431,0,7,0
BRDA:431,0,8,1
BRDA:431,0,9,0
BRDA:459,0,0,1
BRDA:459,0,1,0
BRDA:459,0,2,1
BRDA:459,0,3,0
BRDA:459,0,4,1
BRDA:459,0,5,0
BRDA:459,0,6,1
BRDA:459,0,7,0
BRDA:459,0,8,1
BRDA:459,0,9,0
BRDA:460,0,0,1
BRDA:460,0,1,0
BRDA:460,0,2,1
BRDA:460,0,3,0
BRDA:460,0,4,1
BRDA:460,0,5,0
BRDA:460,0,6,1
BRDA:460,0,7,0
BRDA:460,0,8,1
BRDA:460,0,9,0
BRDA:461,0,0,1
BRDA:461,0,1,0
BRDA:461,0,2,1
BRDA:461,0,3,0
BRDA:461,0,4,1
BRDA:461,0,5,0
BRDA:461,0,6,1
BRDA:461,0,7,0
BRDA:461,0,8,1
BRDA:461,0,9,0
BRDA:462,0,0,1
BRDA:462,0,1,0
BRDA:462,0,2,1
BRDA:462,0,3,0
BRDA:462,0,4,1
BRDA:462,0,5,0
BRDA:462,0,6,1
BRDA:462,0,7,0
BRDA:462,0,8,1
BRDA:462,0,9,0
BRDA:463,0,0,1
BRDA:463,0,1,0
BRDA:463,0,2,1
BRDA:463,0,3,0
BRDA:463,0,4,1
BRDA:463,0,5,0
BRDA:463,0,6,1
BRDA:463,0,7,0
BRDA:463,0,8,1
BRDA:463,0,9,0
BRDA:464,0,0,1
BRDA:464,0,1,0
BRDA:464,0,2,1
BRDA:464,0,3,0
BRDA:464,0,4,1
BRDA:464,0,5,0
BRDA:464,0,6,1
BRDA:464,0,7,0
BRDA:464,0,8,1
BRDA:464,0,9,0
BRDA:465,0,0,1
BRDA:465,0,1,0
BRDA:465,0,2,1
BRDA:465,0,3,0
BRDA:465,0,4,1
BRDA:465,0,5,0
BRDA:465,0,6,1
BRDA:465,0,7,0
BRDA:465,0,8,1
BRDA:465,0,9,0
BRDA:466,0,0,1
BRDA:466,0,1,0
BRDA:466,0,2,1
BRDA:466,0,3,0
BRDA:466,0,4,1
BRDA:466,0,5,0
BRDA:466,0,6,1
BRDA:466,0,7,0
BRDA:466,0,8,1
BRDA:466,0,9,0
BRDA:467,0,0,1
BRDA:467,0,1,0
BRDA:467,0,2,1
BRDA:467,0,3,0
BRDA:467,0,4,1
BRDA:467,0,5,0
BRDA:467,0,6,1
BRDA:467,0,7,0
BRDA:467,0,8,1
BRDA:467,0,9,0
BRDA:468,0,0,1
BRDA:468,0,1,0
BRDA:468,0,2,1
BRDA:468,0,3,0
BRDA:468,0,4,1
BRDA:468,0,5,0
BRDA:468,0,6,1
BRDA:468,0,7,0
BRDA:468,0,8,1
BRDA:468,0,9,0
BRDA:490,0,0,1
BRDA:490,0,1,0
BRDA:490,0,2,1
BRDA:490,0,3,0
BRDA:494,0,0,1
BRDA:494,0,1,0
BRDA:494,0,2,1
BRDA:494,0,3,0
BRDA:494,0,4,1
BRDA:494,0,5,0
BRDA:494,0,6,1
BRDA:494,0,7,0
BRDA:494,0,8,1
BRDA:494,0,9,0
BRDA:495,0,0,1
BRDA:495,0,1,0
BRDA:495,0,2,1
BRDA:495,0,3,0
BRDA:495,0,4,1
BRDA:495,0,5,0
BRDA:495,0,6,1
BRDA:495,0,7,0
BRDA:495,0,8,1
BRDA:495,0,9,0
BRDA:496,0,0,1
BRDA:496,0,1,0
BRDA:496,0,2,1
BRDA:496,0,3,0
BRDA:496,0,4,1
BRDA:496,0,5,0
BRDA:496,0,6,1
BRDA:496,0,7,0
BRDA:496,0,8,1
BRDA:496,0,9,0
BRDA:497,0,0,1
BRDA:497,0,1,0
BRDA:497,0,2,1
BRDA:497,0,3,0
BRDA:497,0,4,1
BRDA:497,0,5,0
BRDA:497,0,6,1
BRDA:497,0,7,0
BRDA:497,0,8,1
BRDA:497,0,9,0
BRDA:498,0,0,1
BRDA:498,0,1,0
BRDA:498,0,2,1
BRDA:498,0,3,0
BRDA:498,0,4,1
BRDA:498,0,5,0
BRDA:498,0,6,1
BRDA:498,0,7,0
BRDA:498,0,8,1
BRDA:498,0,9,0
BRDA:531,0,0,1
BRDA:531,0,1,0
BRF:806
BRH:403
DA:5,1
DA:6,1
DA:7,1
DA:8,1
DA:9,1
DA:10,1
DA:11,1
DA:12,1
DA:13,1
DA:14,1
DA:15,1
DA:16,1
DA:17,1
DA:18,1
DA:19,1
DA:20,1
DA:21,1
DA:22,1
DA:23,1
DA:24,1
DA:25,1
DA:27,1
DA:29,1
DA:31,1
DA:33,1
DA:35,1
DA:37,1
DA:39,1
DA:41,1
DA:43,1
DA:45,1
DA:47,1
DA:50,1
DA:51,1
DA:52,1
DA:56,1
DA:57,1
DA:59,1
DA:60,1
DA:61,1
DA:63,1
DA:65,1
DA:67,1
DA:68,1
DA:69,1
DA:70,1
DA:72,1
DA:74,1
DA:77,1
DA:78,1
DA:79,1
DA:80,1
DA:81,1
DA:82,1
DA:83,1
DA:84,1
DA:85,1
DA:86,1
DA:87,1
DA:88,1
DA:89,1
DA:90,1
DA:91,1
DA:92,1
DA:93,1
DA:94,1
DA:95,1
DA:96,1
DA:97,1
DA:99,1
DA:101,1
DA:103,1
DA:105,1
DA:107,1
DA:109,1
DA:112,1
DA:113,1
DA:114,1
DA:115,1
DA:116,1
DA:117,1
DA:118,1
DA:119,1
DA:120,1
DA:121,1
DA:122,1
DA:123,1
DA:124,1
DA:129,1
DA:130,1
DA:131,1
DA:132,1
DA:133,1
DA:134,1
DA:135,1
DA:136,1
DA:137,1
DA:138,1
DA:141,1
DA:142,1
DA:143,1
DA:146,1
DA:147,1
DA:148,1
DA:149,1
DA:150,1
DA:151,1
DA:152,1
DA:153,1
DA:154,1
DA:155,1
DA:156,1
DA:158,1
DA:159,1
DA:160,1
DA:161,1
DA:162,1
DA:163,1
DA:164,1
DA:165,1
DA:166,1
DA:167,1
DA:168,1
DA:171,1
DA:172,1
DA:173,1
DA:174,1
DA:175,1
DA:176,1
DA:177,1
DA:178,1
DA:179,1
DA:180,1
DA:181,1
DA:182,1
DA:183,1
DA:184,1
DA:185,1
DA:186,1
DA:187,1
DA:188,1
DA:189,1
DA:190,1
DA:191,1
DA:193,1
DA:195,1
DA:197,1
DA:199,1
DA:201,1
DA:203,1
DA:205,1
DA:207,1
DA:209,1
DA:211,1
DA:213,1
DA:216,1
DA:217,1
DA:218,1
DA:219,1
DA:220,1
DA:221,1
DA:222,1
DA:223,1
DA:224,1
DA:225,1
DA:226,1
DA:228,1
DA:229,1
DA:230,1
DA:231,1
DA:232,1
DA:233,1
DA:236,1
DA:241,1
DA:242,1
DA:243,1
DA:244,1
DA:245,1
DA:246,1
DA:247,1
DA:248,1
DA:249,1
DA:250,1
DA:251,1
DA:252,1
DA:259,1
DA:261,1
DA:263,1
DA:267,1
DA:271,1
DA:273,1
DA:274,1
DA:275,1
DA:276,1
DA:277,1
DA:278,1
DA:279,1
DA:280,1
DA:281,1
DA:282,1
DA:283,1
DA:284,1
DA:285,1
DA:286,1
DA:287,1
DA:288,1
DA:289,1
DA:290,1
DA:291,1
DA:292,1
DA:294,1
DA:295,1
DA:296,1
DA:297,1
DA:298,1
DA:299,1
DA:300,1
DA:301,1
DA:302,1
DA:303,1
DA:304,1
DA:307,1
DA:309,1
DA:310,1
DA:311,1
DA:312,1
DA:313,1
DA:314,1
DA:315,1
DA:316,1
DA:317,1
DA:318,1
DA:320,1
DA:321,1
DA:322,1
DA:323,1
DA:324,1
DA:325,1
DA:326,1
DA:327,1
DA:328,1
DA:329,1
DA:331,1
DA:334,1
DA:336,1
DA:337,1
DA:338,1
DA:339,1
DA:340,1
DA:341,1
DA:342,1
DA:343,1
DA:344,1
DA:345,1
DA:346,1
DA:347,1
DA:348,1
DA:349,1
DA:350,1
DA:351,1
DA:352,1
DA:353,1
DA:354,1
DA:355,1
DA:357,1
DA:358,1
DA:359,1
DA:360,1
DA:361,1
DA:362,1
DA:363,1
DA:364,1
DA:365,1
DA:366,1
DA:368,1
DA:371,1
DA:373,1
DA:374,1
DA:375,1
DA:376,1
DA:377,1
DA:378,1
DA:379,1
DA:380,1
DA:381,1
DA:382,1
DA:383,1
DA:384,1
DA:385,1
DA:386,1
DA:387,1
DA:388,1
DA:389,1
DA:390,1
DA:392,1
DA:393,1
DA:394,1
DA:395,1
DA:396,1
DA:397,1
DA:398,1
DA:399,1
DA:400,1
DA:402,1
DA:406,1
DA:407,1
DA:408,1
DA:409,1
DA:410,1
DA:411,1
DA:412,1
DA:413,1
DA:414,1
DA:415,1
DA:416,1
DA:417,1
DA:418,1
DA:419,1
DA:420,1
DA:421,1
DA:422,1
DA:423,1
DA:424,1
DA:425,1
DA:426,1
DA:427,1
DA:428,1
DA:429,1
DA:430,1
DA:431,1
DA:432,1
DA:436,1
DA:438,1
DA:439,1
DA:440,1
DA:441,1
DA:442,1
DA:443,1
DA:444,1
DA:445,1
DA:446,1
DA:447,1
DA:448,1
DA:449,1
DA:450,1
DA:451,1
DA:452,1
DA:453,1
DA:454,1
DA:455,1
DA:456,1
DA:457,1
DA:459,1
DA:460,1
DA:461,1
DA:462,1
DA:463,1
DA:464,1
DA:465,1
DA:466,1
DA:467,1
DA:468,1
DA:469,1
DA:472,1
DA:474,1
DA:475,1
DA:476,1
DA:477,1
DA:478,1
DA:479,1
DA:480,1
DA:481,1
DA:482,1
DA:483,1
DA:484,1
DA:485,1
DA:487,1
DA:488,1
DA:489,1
DA:490,1
DA:491,1
DA:494,1
DA:495,1
DA:496,1
DA:497,1
DA:498,1
DA:500,1
DA:504,16
DA:505,16
DA:506,16
DA:507,16
DA:509,16
DA:511,16
DA:512,16
DA:513,16
DA:514,16
DA:515,16
DA:516,16
DA:517,16
DA:518,16
DA:519,16
DA:520,16
DA:521,16
DA:522,16
DA:523,16
DA:524,16
DA:525,16
DA:527,16
DA:528,1
DA:530,1
DA:531,1
DA:532,1
DA:534,0
DA:536,1
LF:414
LH:413
end_of_record
